2025-04-28 11:13:23 [[32minfo[39m]: Mongo DB Conectado
2025-04-28 11:13:23 [[32minfo[39m]: Servidor en el puerto 8080
2025-04-28 14:32:40 [[32minfo[39m]: Mongo DB Conectado
2025-04-28 14:32:40 [[32minfo[39m]: Servidor en el puerto 8080
2025-04-28 14:32:41 [[32minfo[39m]: Mongo DB Conectado
2025-04-28 14:32:41 [[32minfo[39m]: Servidor en el puerto 8080
2025-04-28 14:35:59 [[32minfo[39m]: Mongo DB Conectado
2025-04-28 14:35:59 [[32minfo[39m]: Servidor en el puerto 8080
2025-04-28 14:38:27 [[32minfo[39m]: Mongo DB Conectado
2025-04-28 14:38:27 [[32minfo[39m]: Servidor en el puerto 8080
2025-04-28 14:44:16 [[32minfo[39m]: Mongo DB Conectado
2025-04-28 14:44:16 [[32minfo[39m]: Servidor en el puerto 8080
2025-04-28 14:44:20 [[32minfo[39m]: Mongo DB Conectado
2025-04-28 14:44:20 [[32minfo[39m]: Servidor en el puerto 8080
2025-04-28 14:45:04 [[32minfo[39m]: Mongo DB Conectado
2025-04-28 14:45:04 [[32minfo[39m]: Servidor en el puerto 8080
2025-04-28 14:45:15 [[32minfo[39m]: Mongo DB Conectado
2025-04-28 14:45:15 [[32minfo[39m]: Servidor en el puerto 8080
2025-04-28 14:46:27 [[32minfo[39m]: Mongo DB Conectado
2025-04-28 14:46:27 [[32minfo[39m]: Servidor en el puerto 8080
2025-04-28 14:46:42 [[32minfo[39m]: Mongo DB Conectado
2025-04-28 14:46:42 [[32minfo[39m]: Servidor en el puerto 8080
2025-04-28 14:47:21 [[32minfo[39m]: Mongo DB Conectado
2025-04-28 14:47:22 [[32minfo[39m]: Servidor en el puerto 8080
2025-04-28 14:47:24 [[32minfo[39m]: Mongo DB Conectado
2025-04-28 14:47:25 [[32minfo[39m]: Servidor en el puerto 8080
2025-04-28 14:47:39 [[32minfo[39m]: Mongo DB Conectado
2025-04-28 14:47:39 [[32minfo[39m]: Servidor en el puerto 8080
2025-04-28 14:48:10 [[32minfo[39m]: Mongo DB Conectado
2025-04-28 14:48:10 [[32minfo[39m]: Servidor en el puerto 8080
2025-04-28 14:48:20 [[32minfo[39m]: Mongo DB Conectado
2025-04-28 14:48:20 [[32minfo[39m]: Servidor en el puerto 8080
2025-04-28 14:48:53 [[32minfo[39m]: Mongo DB Conectado
2025-04-28 14:48:53 [[32minfo[39m]: Servidor en el puerto 8080
2025-04-28 15:04:42 [[32minfo[39m]: Mongo DB Conectado
2025-04-28 15:04:42 [[32minfo[39m]: Servidor en el puerto 8080
2025-04-28 15:04:48 [[32minfo[39m]: Mongo DB Conectado
2025-04-28 15:04:48 [[32minfo[39m]: Servidor en el puerto 8080
2025-04-28 15:05:46 [[32minfo[39m]: Mongo DB Conectado
2025-04-28 15:05:46 [[32minfo[39m]: Servidor en el puerto 8080
2025-04-28 15:07:11 [[32minfo[39m]: Mongo DB Conectado
2025-04-28 15:07:11 [[32minfo[39m]: Servidor en el puerto 8080
2025-04-28 15:08:50 [[32minfo[39m]: Mongo DB Conectado
2025-04-28 15:08:50 [[32minfo[39m]: Servidor en el puerto 8080
2025-04-28 15:09:37 [[32minfo[39m]: Mongo DB Conectado
2025-04-28 15:09:37 [[32minfo[39m]: Servidor en el puerto 8080
2025-04-28 15:09:55 [[32minfo[39m]: Mongo DB Conectado
2025-04-28 15:09:55 [[32minfo[39m]: Servidor en el puerto 8080
2025-04-28 15:09:58 [[32minfo[39m]: Mongo DB Conectado
2025-04-28 15:09:58 [[32minfo[39m]: Servidor en el puerto 8080
2025-04-28 15:10:00 [[32minfo[39m]: Mongo DB Conectado
2025-04-28 15:10:00 [[32minfo[39m]: Servidor en el puerto 8080
2025-04-28 15:11:41 [[32minfo[39m]: Mongo DB Conectado
2025-04-28 15:11:41 [[32minfo[39m]: Servidor en el puerto 8080
2025-04-28 15:13:12 [[32minfo[39m]: Mongo DB Conectado
2025-04-28 15:13:12 [[32minfo[39m]: Servidor en el puerto 8080
2025-04-28 15:14:18 [[32minfo[39m]: Mongo DB Conectado
2025-04-28 15:14:18 [[32minfo[39m]: Servidor en el puerto 8080
2025-04-28 15:14:19 [[32minfo[39m]: Mongo DB Conectado
2025-04-28 15:14:19 [[32minfo[39m]: Servidor en el puerto 8080
2025-04-28 15:14:25 [[32minfo[39m]: Mongo DB Conectado
2025-04-28 15:14:25 [[32minfo[39m]: Servidor en el puerto 8080
2025-04-28 15:14:51 [[32minfo[39m]: Mongo DB Conectado
2025-04-28 15:14:51 [[32minfo[39m]: Servidor en el puerto 8080
2025-04-28 15:14:52 [[32minfo[39m]: Mongo DB Conectado
2025-04-28 15:14:52 [[32minfo[39m]: Servidor en el puerto 8080
2025-04-28 15:15:10 [[32minfo[39m]: Mongo DB Conectado
2025-04-28 15:15:10 [[32minfo[39m]: Servidor en el puerto 8080
2025-04-28 15:15:22 [[34mdebug[39m]: {
  "statusCode": 404,
  "files": [
    "Error: Adopción no encontrada",
    "    at AdoptionService.getAdoption (file:///C:/Users/danta/testing_y_escalabilidad_proyecto/backend-70360/clase-14/src/modules/adoptions/adoption.service.js:13:26)",
    "    at process.processTicksAndRejections (node:internal/process/task_queues:105:5)",
    "    at async getAdoption (file:///C:/Users/danta/testing_y_escalabilidad_proyecto/backend-70360/clase-14/src/modules/adoptions/adoption.controller.js:17:24)"
  ],
  "message": "Adopción no encontrada",
  "path": "/api/adoptions/67ca35d1e8b1391ada8c86ea",
  "method": "GET"
}
2025-04-28 15:48:16 [[34mdebug[39m]: {
  "statusCode": 404,
  "files": [
    "Error: Adopción no encontrada",
    "    at AdoptionService.getAdoption (file:///C:/Users/danta/testing_y_escalabilidad_proyecto/backend-70360/clase-14/src/modules/adoptions/adoption.service.js:13:26)",
    "    at process.processTicksAndRejections (node:internal/process/task_queues:105:5)",
    "    at async getAdoption (file:///C:/Users/danta/testing_y_escalabilidad_proyecto/backend-70360/clase-14/src/modules/adoptions/adoption.controller.js:17:24)"
  ],
  "message": "Adopción no encontrada",
  "path": "/api/adoptions/67ca35d1e8b1391ada8c86ea",
  "method": "GET"
}
2025-04-28 15:49:19 [[32minfo[39m]: Mongo DB Conectado
2025-04-28 15:49:19 [[32minfo[39m]: Servidor en el puerto 8080
2025-04-28 15:49:21 [[32minfo[39m]: Mongo DB Conectado
2025-04-28 15:49:21 [[32minfo[39m]: Servidor en el puerto 8080
2025-04-28 15:49:32 [[32minfo[39m]: Mongo DB Conectado
2025-04-28 15:49:32 [[32minfo[39m]: Servidor en el puerto 8080
2025-04-28 15:49:40 [[32minfo[39m]: Mongo DB Conectado
2025-04-28 15:49:40 [[32minfo[39m]: Servidor en el puerto 8080
2025-04-28 15:51:21 [[32minfo[39m]: Mongo DB Conectado
2025-04-28 15:51:21 [[32minfo[39m]: Servidor en el puerto 8080
2025-04-28 15:51:28 [[32minfo[39m]: Mongo DB Conectado
2025-04-28 15:51:28 [[32minfo[39m]: Servidor en el puerto 8080
2025-04-28 15:51:33 [[32minfo[39m]: Mongo DB Conectado
2025-04-28 15:51:33 [[32minfo[39m]: Servidor en el puerto 8080
2025-04-28 15:51:54 [[32minfo[39m]: Mongo DB Conectado
2025-04-28 15:51:54 [[32minfo[39m]: Servidor en el puerto 8080
2025-04-28 15:52:25 [[32minfo[39m]: Mongo DB Conectado
2025-04-28 15:52:25 [[32minfo[39m]: Servidor en el puerto 8080
2025-04-28 15:57:27 [[32minfo[39m]: Mongo DB Conectado
2025-04-28 15:57:27 [[32minfo[39m]: Servidor en el puerto 8080
2025-04-28 16:06:29 [[32minfo[39m]: Mongo DB Conectado
2025-04-28 16:06:29 [[32minfo[39m]: Servidor en el puerto 8080
2025-04-28 16:08:01 [[32minfo[39m]: Mongo DB Conectado
2025-04-28 16:08:01 [[32minfo[39m]: Servidor en el puerto 8080
2025-04-28 16:08:10 [[32minfo[39m]: Mongo DB Conectado
2025-04-28 16:08:10 [[32minfo[39m]: Servidor en el puerto 8080
2025-04-28 16:08:22 [[32minfo[39m]: Mongo DB Conectado
2025-04-28 16:08:22 [[32minfo[39m]: Servidor en el puerto 8080
2025-04-28 16:09:19 [[32minfo[39m]: Mongo DB Conectado
2025-04-28 16:09:19 [[32minfo[39m]: Servidor en el puerto 8080
2025-04-28 16:09:49 [[34mdebug[39m]: {
  "statusCode": 404,
  "files": [
    "Error: Mascota no encontrada",
    "    at AdoptionService.createAdoption (file:///C:/Users/danta/testing_y_escalabilidad_proyecto/backend-70360/clase-14/src/modules/adoptions/adoption.service.js:20:21)",
    "    at process.processTicksAndRejections (node:internal/process/task_queues:105:5)",
    "    at async createAdoption (file:///C:/Users/danta/testing_y_escalabilidad_proyecto/backend-70360/clase-14/src/modules/adoptions/adoption.controller.js:26:24)"
  ],
  "message": "Mascota no encontrada",
  "path": "/api/adoptions",
  "method": "POST"
}
2025-04-28 16:09:50 [[32minfo[39m]: Mongo DB Conectado
2025-04-28 16:09:50 [[32minfo[39m]: Servidor en el puerto 8080
2025-04-28 16:11:50 [[32minfo[39m]: Mongo DB Conectado
2025-04-28 16:11:50 [[32minfo[39m]: Servidor en el puerto 8080
2025-04-28 16:11:53 [[32minfo[39m]: Mongo DB Conectado
2025-04-28 16:11:53 [[32minfo[39m]: Servidor en el puerto 8080
2025-04-28 16:12:11 [[34mdebug[39m]: {
  "statusCode": 404,
  "files": [
    "Error: Mascota no encontrada",
    "    at AdoptionService.createAdoption (file:///C:/Users/danta/testing_y_escalabilidad_proyecto/backend-70360/clase-14/src/modules/adoptions/adoption.service.js:20:21)",
    "    at process.processTicksAndRejections (node:internal/process/task_queues:105:5)",
    "    at async createAdoption (file:///C:/Users/danta/testing_y_escalabilidad_proyecto/backend-70360/clase-14/src/modules/adoptions/adoption.controller.js:26:24)"
  ],
  "message": "Mascota no encontrada",
  "path": "/api/adoptions",
  "method": "POST"
}
2025-04-28 16:15:53 [[32minfo[39m]: Mongo DB Conectado
2025-04-28 16:15:53 [[32minfo[39m]: Servidor en el puerto 8080
2025-04-28 16:16:43 [[32minfo[39m]: Mongo DB Conectado
2025-04-28 16:16:43 [[32minfo[39m]: Servidor en el puerto 8080
2025-04-28 16:16:51 [[32minfo[39m]: Mongo DB Conectado
2025-04-28 16:16:51 [[32minfo[39m]: Servidor en el puerto 8080
2025-04-28 16:16:54 [[32minfo[39m]: Mongo DB Conectado
2025-04-28 16:16:54 [[32minfo[39m]: Servidor en el puerto 8080
2025-04-28 16:17:00 [[32minfo[39m]: Mongo DB Conectado
2025-04-28 16:17:00 [[32minfo[39m]: Servidor en el puerto 8080
2025-04-28 16:17:07 [[32minfo[39m]: Mongo DB Conectado
2025-04-28 16:17:07 [[32minfo[39m]: Servidor en el puerto 8080
2025-04-28 16:17:20 [[32minfo[39m]: Mongo DB Conectado
2025-04-28 16:17:20 [[32minfo[39m]: Servidor en el puerto 8080
2025-04-28 16:17:42 [[34mdebug[39m]: {
  "statusCode": 404,
  "files": [
    "Error: Mascota no encontrada",
    "    at AdoptionService.createAdoption (file:///C:/Users/danta/testing_y_escalabilidad_proyecto/backend-70360/clase-14/src/modules/adoptions/adoption.service.js:20:21)",
    "    at process.processTicksAndRejections (node:internal/process/task_queues:105:5)",
    "    at async createAdoption (file:///C:/Users/danta/testing_y_escalabilidad_proyecto/backend-70360/clase-14/src/modules/adoptions/adoption.controller.js:26:24)"
  ],
  "message": "Mascota no encontrada",
  "path": "/api/adoptions",
  "method": "POST"
}
2025-04-28 16:18:09 [[32minfo[39m]: Mongo DB Conectado
2025-04-28 16:18:09 [[32minfo[39m]: Servidor en el puerto 8080
2025-04-28 16:18:15 [[32minfo[39m]: Mongo DB Conectado
2025-04-28 16:18:15 [[32minfo[39m]: Servidor en el puerto 8080
2025-04-28 16:19:32 [[32minfo[39m]: Mongo DB Conectado
2025-04-28 16:19:32 [[32minfo[39m]: Servidor en el puerto 8080
2025-04-28 16:19:40 [[32minfo[39m]: Mongo DB Conectado
2025-04-28 16:19:40 [[32minfo[39m]: Servidor en el puerto 8080
2025-04-28 16:20:11 [[32minfo[39m]: Mongo DB Conectado
2025-04-28 16:20:11 [[32minfo[39m]: Servidor en el puerto 8080
2025-04-28 16:20:19 [[32minfo[39m]: Mongo DB Conectado
2025-04-28 16:20:19 [[32minfo[39m]: Servidor en el puerto 8080
2025-04-28 16:20:28 [[32minfo[39m]: Mongo DB Conectado
2025-04-28 16:20:28 [[32minfo[39m]: Servidor en el puerto 8080
2025-04-28 16:20:37 [[32minfo[39m]: Mongo DB Conectado
2025-04-28 16:20:37 [[32minfo[39m]: Servidor en el puerto 8080
2025-04-28 16:20:41 [[32minfo[39m]: Mongo DB Conectado
2025-04-28 16:20:41 [[32minfo[39m]: Servidor en el puerto 8080
2025-04-28 16:22:39 [[32minfo[39m]: Mongo DB Conectado
2025-04-28 16:22:39 [[32minfo[39m]: Servidor en el puerto 8080
2025-04-28 16:22:46 [[32minfo[39m]: Mongo DB Conectado
2025-04-28 16:22:46 [[32minfo[39m]: Servidor en el puerto 8080
2025-04-28 16:23:32 [[32minfo[39m]: Mongo DB Conectado
2025-04-28 16:23:32 [[32minfo[39m]: Servidor en el puerto 8080
2025-04-28 16:24:38 [[32minfo[39m]: Mongo DB Conectado
2025-04-28 16:24:38 [[32minfo[39m]: Servidor en el puerto 8080
2025-04-28 16:24:40 [[32minfo[39m]: Mongo DB Conectado
2025-04-28 16:24:40 [[32minfo[39m]: Servidor en el puerto 8080
2025-04-28 16:24:42 [[32minfo[39m]: Mongo DB Conectado
2025-04-28 16:24:42 [[32minfo[39m]: Servidor en el puerto 8080
2025-04-28 16:26:22 [[32minfo[39m]: Mongo DB Conectado
2025-04-28 16:26:22 [[32minfo[39m]: Servidor en el puerto 8080
2025-04-28 16:29:05 [[32minfo[39m]: Mongo DB Conectado
2025-04-28 16:29:05 [[32minfo[39m]: Servidor en el puerto 8080
2025-04-28 16:29:47 [[32minfo[39m]: Mongo DB Conectado
2025-04-28 16:29:47 [[32minfo[39m]: Servidor en el puerto 8080
2025-04-28 16:30:14 [[32minfo[39m]: Mongo DB Conectado
2025-04-28 16:30:14 [[32minfo[39m]: Servidor en el puerto 8080
2025-04-28 16:30:16 [[32minfo[39m]: Mongo DB Conectado
2025-04-28 16:30:16 [[32minfo[39m]: Servidor en el puerto 8080
2025-04-28 16:31:15 [[32minfo[39m]: Mongo DB Conectado
2025-04-28 16:31:15 [[32minfo[39m]: Servidor en el puerto 8080
2025-04-28 16:31:18 [[32minfo[39m]: Mongo DB Conectado
2025-04-28 16:31:18 [[32minfo[39m]: Servidor en el puerto 8080
2025-04-28 16:44:51 [[32minfo[39m]: Mongo DB Conectado
2025-04-28 16:44:51 [[32minfo[39m]: Servidor en el puerto 8080
2025-04-28 16:45:42 [[32minfo[39m]: Mongo DB Conectado
2025-04-28 16:45:42 [[32minfo[39m]: Servidor en el puerto 8080
2025-04-28 16:45:50 [[32minfo[39m]: Mongo DB Conectado
2025-04-28 16:45:50 [[32minfo[39m]: Servidor en el puerto 8080
2025-04-28 16:45:53 [[32minfo[39m]: Mongo DB Conectado
2025-04-28 16:45:53 [[32minfo[39m]: Servidor en el puerto 8080
2025-04-28 16:46:03 [[32minfo[39m]: Mongo DB Conectado
2025-04-28 16:46:03 [[32minfo[39m]: Servidor en el puerto 8080
2025-04-28 16:46:05 [[32minfo[39m]: Mongo DB Conectado
2025-04-28 16:46:05 [[32minfo[39m]: Servidor en el puerto 8080
2025-04-28 16:46:10 [[32minfo[39m]: Mongo DB Conectado
2025-04-28 16:46:10 [[32minfo[39m]: Servidor en el puerto 8080
2025-04-28 16:46:22 [[32minfo[39m]: Mongo DB Conectado
2025-04-28 16:46:22 [[32minfo[39m]: Servidor en el puerto 8080
2025-04-28 16:46:24 [[32minfo[39m]: Mongo DB Conectado
2025-04-28 16:46:24 [[32minfo[39m]: Servidor en el puerto 8080
2025-04-28 16:46:26 [[32minfo[39m]: Mongo DB Conectado
2025-04-28 16:46:26 [[32minfo[39m]: Servidor en el puerto 8080
2025-04-28 16:46:30 [[32minfo[39m]: Mongo DB Conectado
2025-04-28 16:46:30 [[32minfo[39m]: Servidor en el puerto 8080
2025-04-28 16:46:41 [[32minfo[39m]: Mongo DB Conectado
2025-04-28 16:46:41 [[32minfo[39m]: Servidor en el puerto 8080
2025-04-28 16:47:07 [[32minfo[39m]: Mongo DB Conectado
2025-04-28 16:47:07 [[32minfo[39m]: Servidor en el puerto 8080
2025-04-28 16:47:16 [[32minfo[39m]: Mongo DB Conectado
2025-04-28 16:47:16 [[32minfo[39m]: Servidor en el puerto 8080
2025-04-28 16:47:21 [[32minfo[39m]: Mongo DB Conectado
2025-04-28 16:47:21 [[32minfo[39m]: Servidor en el puerto 8080
2025-04-28 16:47:26 [[32minfo[39m]: Mongo DB Conectado
2025-04-28 16:47:26 [[32minfo[39m]: Servidor en el puerto 8080
2025-04-28 16:47:35 [[32minfo[39m]: Mongo DB Conectado
2025-04-28 16:47:35 [[32minfo[39m]: Servidor en el puerto 8080
2025-04-28 16:47:38 [[32minfo[39m]: Mongo DB Conectado
2025-04-28 16:47:38 [[32minfo[39m]: Servidor en el puerto 8080
2025-04-28 16:47:44 [[32minfo[39m]: Mongo DB Conectado
2025-04-28 16:47:44 [[32minfo[39m]: Servidor en el puerto 8080
2025-04-28 16:47:47 [[32minfo[39m]: Mongo DB Conectado
2025-04-28 16:47:47 [[32minfo[39m]: Servidor en el puerto 8080
2025-04-28 16:47:49 [[32minfo[39m]: Mongo DB Conectado
2025-04-28 16:47:49 [[32minfo[39m]: Servidor en el puerto 8080
2025-04-28 16:47:50 [[32minfo[39m]: Mongo DB Conectado
2025-04-28 16:47:50 [[32minfo[39m]: Servidor en el puerto 8080
2025-04-28 16:47:52 [[32minfo[39m]: Mongo DB Conectado
2025-04-28 16:47:52 [[32minfo[39m]: Servidor en el puerto 8080
2025-04-28 16:47:57 [[32minfo[39m]: Mongo DB Conectado
2025-04-28 16:47:57 [[32minfo[39m]: Servidor en el puerto 8080
2025-04-28 16:49:03 [[32minfo[39m]: Mongo DB Conectado
2025-04-28 16:49:03 [[32minfo[39m]: Servidor en el puerto 8080
2025-04-28 16:49:05 [[32minfo[39m]: Mongo DB Conectado
2025-04-28 16:49:05 [[32minfo[39m]: Servidor en el puerto 8080
2025-04-28 16:49:20 [[34mdebug[39m]: {
  "statusCode": 404,
  "files": [
    "Error: Pet not found",
    "    at PetService.updatePet (file:///C:/Users/danta/testing_y_escalabilidad_proyecto/backend-70360/clase-14/src/modules/pets/pet.service.js:30:20)",
    "    at process.processTicksAndRejections (node:internal/process/task_queues:105:5)",
    "    at async updatePet (file:///C:/Users/danta/testing_y_escalabilidad_proyecto/backend-70360/clase-14/src/modules/pets/pet.controller.js:43:25)"
  ],
  "message": "Pet not found",
  "path": "/api/pets/67ca35d1e8b1391ada8c86ea",
  "method": "PUT"
}
2025-04-28 16:49:48 [[32minfo[39m]: Mongo DB Conectado
2025-04-28 16:49:48 [[32minfo[39m]: Servidor en el puerto 8080
2025-04-28 16:49:50 [[32minfo[39m]: Mongo DB Conectado
2025-04-28 16:49:50 [[32minfo[39m]: Servidor en el puerto 8080
2025-04-28 16:53:42 [[32minfo[39m]: Mongo DB Conectado
2025-04-28 16:53:42 [[32minfo[39m]: Servidor en el puerto 8080
2025-04-28 16:53:47 [[32minfo[39m]: Mongo DB Conectado
2025-04-28 16:53:47 [[32minfo[39m]: Servidor en el puerto 8080
2025-04-28 16:53:50 [[32minfo[39m]: Mongo DB Conectado
2025-04-28 16:53:50 [[32minfo[39m]: Servidor en el puerto 8080
2025-04-28 16:54:44 [[32minfo[39m]: Mongo DB Conectado
2025-04-28 16:54:44 [[32minfo[39m]: Servidor en el puerto 8080
2025-04-28 16:56:43 [[32minfo[39m]: Mongo DB Conectado
2025-04-28 16:56:43 [[32minfo[39m]: Servidor en el puerto 8080
2025-04-28 16:57:03 [[32minfo[39m]: Mongo DB Conectado
2025-04-28 16:57:03 [[32minfo[39m]: Servidor en el puerto 8080
2025-04-28 16:57:11 [[32minfo[39m]: Mongo DB Conectado
2025-04-28 16:57:11 [[32minfo[39m]: Servidor en el puerto 8080
2025-04-28 16:57:57 [[32minfo[39m]: Mongo DB Conectado
2025-04-28 16:57:57 [[32minfo[39m]: Servidor en el puerto 8080
2025-04-28 16:58:02 [[32minfo[39m]: Mongo DB Conectado
2025-04-28 16:58:02 [[32minfo[39m]: Servidor en el puerto 8080
2025-04-28 16:58:17 [[32minfo[39m]: Mongo DB Conectado
2025-04-28 16:58:17 [[32minfo[39m]: Servidor en el puerto 8080
2025-04-28 16:58:22 [[32minfo[39m]: Mongo DB Conectado
2025-04-28 16:58:22 [[32minfo[39m]: Servidor en el puerto 8080
2025-04-28 16:58:23 [[32minfo[39m]: Mongo DB Conectado
2025-04-28 16:58:23 [[32minfo[39m]: Servidor en el puerto 8080
2025-04-28 16:58:31 [[32minfo[39m]: Mongo DB Conectado
2025-04-28 16:58:31 [[32minfo[39m]: Servidor en el puerto 8080
2025-04-28 16:59:09 [[32minfo[39m]: Mongo DB Conectado
2025-04-28 16:59:09 [[32minfo[39m]: Servidor en el puerto 8080
2025-04-28 16:59:30 [[34mdebug[39m]: {
  "statusCode": 404,
  "files": [
    "Error: Pet not found",
    "    at PetService.deletePet (file:///C:/Users/danta/testing_y_escalabilidad_proyecto/backend-70360/clase-14/src/modules/pets/pet.service.js:36:20)",
    "    at process.processTicksAndRejections (node:internal/process/task_queues:105:5)",
    "    at async deletePet (file:///C:/Users/danta/testing_y_escalabilidad_proyecto/backend-70360/clase-14/src/modules/pets/pet.controller.js:55:25)"
  ],
  "message": "Pet not found",
  "path": "/api/pets/67ca35d1e8b1391ada8c86ea",
  "method": "DELETE"
}
2025-04-28 17:01:55 [[32minfo[39m]: Mongo DB Conectado
2025-04-28 17:01:55 [[32minfo[39m]: Servidor en el puerto 8080
2025-04-28 17:01:57 [[32minfo[39m]: Mongo DB Conectado
2025-04-28 17:01:57 [[32minfo[39m]: Servidor en el puerto 8080
2025-04-28 17:02:03 [[32minfo[39m]: Mongo DB Conectado
2025-04-28 17:02:03 [[32minfo[39m]: Servidor en el puerto 8080
2025-04-28 17:02:08 [[32minfo[39m]: Mongo DB Conectado
2025-04-28 17:02:08 [[32minfo[39m]: Servidor en el puerto 8080
2025-04-28 17:02:10 [[32minfo[39m]: Mongo DB Conectado
2025-04-28 17:02:10 [[32minfo[39m]: Servidor en el puerto 8080
2025-04-28 17:02:13 [[32minfo[39m]: Mongo DB Conectado
2025-04-28 17:02:13 [[32minfo[39m]: Servidor en el puerto 8080
2025-04-28 17:02:16 [[32minfo[39m]: Mongo DB Conectado
2025-04-28 17:02:16 [[32minfo[39m]: Servidor en el puerto 8080
2025-04-28 17:02:18 [[32minfo[39m]: Mongo DB Conectado
2025-04-28 17:02:18 [[32minfo[39m]: Servidor en el puerto 8080
2025-04-28 17:02:20 [[32minfo[39m]: Mongo DB Conectado
2025-04-28 17:02:20 [[32minfo[39m]: Servidor en el puerto 8080
2025-04-28 17:02:22 [[32minfo[39m]: Mongo DB Conectado
2025-04-28 17:02:22 [[32minfo[39m]: Servidor en el puerto 8080
2025-04-28 17:02:32 [[32minfo[39m]: Mongo DB Conectado
2025-04-28 17:02:32 [[32minfo[39m]: Servidor en el puerto 8080
2025-04-28 17:02:41 [[32minfo[39m]: Mongo DB Conectado
2025-04-28 17:02:41 [[32minfo[39m]: Servidor en el puerto 8080
2025-04-28 17:02:44 [[32minfo[39m]: Mongo DB Conectado
2025-04-28 17:02:44 [[32minfo[39m]: Servidor en el puerto 8080
2025-04-28 17:04:35 [[32minfo[39m]: Mongo DB Conectado
2025-04-28 17:04:35 [[32minfo[39m]: Servidor en el puerto 8080
2025-04-28 17:05:12 [[32minfo[39m]: Mongo DB Conectado
2025-04-28 17:05:12 [[32minfo[39m]: Servidor en el puerto 8080
2025-04-28 17:06:12 [[32minfo[39m]: Mongo DB Conectado
2025-04-28 17:06:12 [[32minfo[39m]: Servidor en el puerto 8080
2025-04-28 17:06:50 [[32minfo[39m]: Mongo DB Conectado
2025-04-28 17:06:50 [[32minfo[39m]: Servidor en el puerto 8080
2025-04-28 17:07:21 [[32minfo[39m]: Mongo DB Conectado
2025-04-28 17:07:21 [[32minfo[39m]: Servidor en el puerto 8080
2025-04-28 17:07:24 [[32minfo[39m]: Mongo DB Conectado
2025-04-28 17:07:24 [[32minfo[39m]: Servidor en el puerto 8080
2025-04-28 17:09:53 [[32minfo[39m]: Mongo DB Conectado
2025-04-28 17:09:53 [[32minfo[39m]: Servidor en el puerto 8080
2025-04-28 17:10:10 [[32minfo[39m]: Mongo DB Conectado
2025-04-28 17:10:10 [[32minfo[39m]: Servidor en el puerto 8080
2025-04-28 17:10:37 [[32minfo[39m]: Mongo DB Conectado
2025-04-28 17:10:37 [[32minfo[39m]: Servidor en el puerto 8080
2025-04-28 17:11:43 [[32minfo[39m]: Mongo DB Conectado
2025-04-28 17:11:43 [[32minfo[39m]: Servidor en el puerto 8080
2025-04-28 17:12:04 [[32minfo[39m]: Mongo DB Conectado
2025-04-28 17:12:04 [[32minfo[39m]: Servidor en el puerto 8080
2025-04-28 17:12:08 [[32minfo[39m]: Mongo DB Conectado
2025-04-28 17:12:08 [[32minfo[39m]: Servidor en el puerto 8080
2025-04-28 17:16:45 [[32minfo[39m]: Mongo DB Conectado
2025-04-28 17:16:45 [[32minfo[39m]: Servidor en el puerto 8080
2025-04-28 17:16:56 [[32minfo[39m]: Mongo DB Conectado
2025-04-28 17:16:56 [[32minfo[39m]: Servidor en el puerto 8080
2025-04-28 17:17:01 [[32minfo[39m]: Mongo DB Conectado
2025-04-28 17:17:01 [[32minfo[39m]: Servidor en el puerto 8080
2025-04-28 17:17:03 [[32minfo[39m]: Mongo DB Conectado
2025-04-28 17:17:03 [[32minfo[39m]: Servidor en el puerto 8080
2025-04-28 17:17:08 [[32minfo[39m]: Mongo DB Conectado
2025-04-28 17:17:08 [[32minfo[39m]: Servidor en el puerto 8080
2025-04-28 17:17:13 [[32minfo[39m]: Mongo DB Conectado
2025-04-28 17:17:13 [[32minfo[39m]: Servidor en el puerto 8080
2025-04-28 17:17:42 [[32minfo[39m]: Mongo DB Conectado
2025-04-28 17:17:43 [[32minfo[39m]: Servidor en el puerto 8080
2025-04-28 17:17:48 [[32minfo[39m]: Mongo DB Conectado
2025-04-28 17:17:48 [[32minfo[39m]: Servidor en el puerto 8080
2025-04-28 17:17:53 [[32minfo[39m]: Mongo DB Conectado
2025-04-28 17:17:53 [[32minfo[39m]: Servidor en el puerto 8080
2025-04-28 17:17:56 [[32minfo[39m]: Mongo DB Conectado
2025-04-28 17:17:56 [[32minfo[39m]: Servidor en el puerto 8080
2025-04-28 17:17:59 [[32minfo[39m]: Mongo DB Conectado
2025-04-28 17:17:59 [[32minfo[39m]: Servidor en el puerto 8080
2025-04-28 17:18:01 [[32minfo[39m]: Mongo DB Conectado
2025-04-28 17:18:01 [[32minfo[39m]: Servidor en el puerto 8080
2025-04-28 17:18:02 [[32minfo[39m]: Mongo DB Conectado
2025-04-28 17:18:02 [[32minfo[39m]: Servidor en el puerto 8080
2025-04-28 17:18:04 [[32minfo[39m]: Mongo DB Conectado
2025-04-28 17:18:04 [[32minfo[39m]: Servidor en el puerto 8080
2025-04-28 17:18:07 [[32minfo[39m]: Mongo DB Conectado
2025-04-28 17:18:07 [[32minfo[39m]: Servidor en el puerto 8080
2025-04-28 17:18:11 [[32minfo[39m]: Mongo DB Conectado
2025-04-28 17:18:11 [[32minfo[39m]: Servidor en el puerto 8080
2025-04-28 17:18:18 [[32minfo[39m]: Mongo DB Conectado
2025-04-28 17:18:18 [[32minfo[39m]: Servidor en el puerto 8080
2025-04-28 17:18:47 [[34mdebug[39m]: {
  "statusCode": 404,
  "files": [
    "Error: Mascota no encontrada",
    "    at AdoptionService.createAdoption (file:///C:/Users/danta/testing_y_escalabilidad_proyecto/backend-70360/clase-14/src/modules/adoptions/adoption.service.js:20:21)",
    "    at process.processTicksAndRejections (node:internal/process/task_queues:105:5)",
    "    at async createAdoption (file:///C:/Users/danta/testing_y_escalabilidad_proyecto/backend-70360/clase-14/src/modules/adoptions/adoption.controller.js:26:24)"
  ],
  "message": "Mascota no encontrada",
  "path": "/api/adoptions",
  "method": "POST"
}
2025-04-28 17:18:56 [[34mdebug[39m]: {
  "statusCode": 404,
  "files": [
    "Error: Adopción no encontrada",
    "    at AdoptionService.getAdoption (file:///C:/Users/danta/testing_y_escalabilidad_proyecto/backend-70360/clase-14/src/modules/adoptions/adoption.service.js:13:26)",
    "    at process.processTicksAndRejections (node:internal/process/task_queues:105:5)",
    "    at async getAdoption (file:///C:/Users/danta/testing_y_escalabilidad_proyecto/backend-70360/clase-14/src/modules/adoptions/adoption.controller.js:17:24)"
  ],
  "message": "Adopción no encontrada",
  "path": "/api/adoptions/67ca35d1e8b1391ada8c86ea",
  "method": "GET"
}
2025-04-28 17:19:20 [[32minfo[39m]: Mongo DB Conectado
2025-04-28 17:19:20 [[32minfo[39m]: Servidor en el puerto 8080
2025-04-28 20:02:04 [[32minfo[39m]: Mongo DB Conectado
2025-04-28 20:02:04 [[32minfo[39m]: Servidor en el puerto 8080
2025-04-28 20:02:05 [[32minfo[39m]: Mongo DB Conectado
2025-04-28 20:02:05 [[32minfo[39m]: Servidor en el puerto 8080
2025-04-28 20:22:08 [[32minfo[39m]: Mongo DB Conectado
2025-04-28 20:22:08 [[32minfo[39m]: Servidor en el puerto 8080
2025-04-28 20:22:35 [[32minfo[39m]: Mongo DB Conectado
2025-04-28 20:22:35 [[32minfo[39m]: Servidor en el puerto 8080
2025-04-28 20:23:04 [[32minfo[39m]: Mongo DB Conectado
2025-04-28 20:23:04 [[32minfo[39m]: Servidor en el puerto 8080
2025-04-28 20:23:08 [[32minfo[39m]: Mongo DB Conectado
2025-04-28 20:23:08 [[32minfo[39m]: Servidor en el puerto 8080
2025-04-28 20:23:11 [[32minfo[39m]: Mongo DB Conectado
2025-04-28 20:23:11 [[32minfo[39m]: Servidor en el puerto 8080
2025-04-28 20:23:23 [[32minfo[39m]: Mongo DB Conectado
2025-04-28 20:23:23 [[32minfo[39m]: Servidor en el puerto 8080
2025-04-28 20:23:26 [[32minfo[39m]: Mongo DB Conectado
2025-04-28 20:23:26 [[32minfo[39m]: Servidor en el puerto 8080
2025-04-28 20:23:30 [[32minfo[39m]: Mongo DB Conectado
2025-04-28 20:23:30 [[32minfo[39m]: Servidor en el puerto 8080
2025-04-28 20:23:34 [[32minfo[39m]: Mongo DB Conectado
2025-04-28 20:23:34 [[32minfo[39m]: Servidor en el puerto 8080
2025-04-28 20:27:13 [[32minfo[39m]: Mongo DB Conectado
2025-04-28 20:27:13 [[32minfo[39m]: Servidor en el puerto 8080
2025-04-28 20:27:36 [[32minfo[39m]: Mongo DB Conectado
2025-04-28 20:27:36 [[32minfo[39m]: Servidor en el puerto 8080
2025-04-28 20:27:51 [[32minfo[39m]: Mongo DB Conectado
2025-04-28 20:27:51 [[32minfo[39m]: Servidor en el puerto 8080
2025-04-28 20:27:53 [[32minfo[39m]: Mongo DB Conectado
2025-04-28 20:27:53 [[32minfo[39m]: Servidor en el puerto 8080
2025-04-28 20:28:01 [[32minfo[39m]: Mongo DB Conectado
2025-04-28 20:28:01 [[32minfo[39m]: Servidor en el puerto 8080
2025-04-28 20:28:06 [[32minfo[39m]: Mongo DB Conectado
2025-04-28 20:28:06 [[32minfo[39m]: Servidor en el puerto 8080
2025-04-28 20:28:10 [[32minfo[39m]: Mongo DB Conectado
2025-04-28 20:28:10 [[32minfo[39m]: Servidor en el puerto 8080
2025-04-28 20:28:14 [[32minfo[39m]: Mongo DB Conectado
2025-04-28 20:28:14 [[32minfo[39m]: Servidor en el puerto 8080
2025-04-28 20:28:51 [[32minfo[39m]: Mongo DB Conectado
2025-04-28 20:28:51 [[32minfo[39m]: Servidor en el puerto 8080
2025-04-28 20:29:08 [[32minfo[39m]: Mongo DB Conectado
2025-04-28 20:29:08 [[32minfo[39m]: Servidor en el puerto 8080
2025-04-28 20:29:11 [[32minfo[39m]: Mongo DB Conectado
2025-04-28 20:29:11 [[32minfo[39m]: Servidor en el puerto 8080
2025-04-28 20:29:17 [[32minfo[39m]: Mongo DB Conectado
2025-04-28 20:29:17 [[32minfo[39m]: Servidor en el puerto 8080
2025-04-28 20:29:19 [[32minfo[39m]: Mongo DB Conectado
2025-04-28 20:29:19 [[32minfo[39m]: Servidor en el puerto 8080
2025-04-28 20:29:30 [[32minfo[39m]: Mongo DB Conectado
2025-04-28 20:29:30 [[32minfo[39m]: Servidor en el puerto 8080
2025-04-28 20:30:08 [[32minfo[39m]: Mongo DB Conectado
2025-04-28 20:30:08 [[32minfo[39m]: Servidor en el puerto 8080
2025-04-28 20:30:12 [[32minfo[39m]: Mongo DB Conectado
2025-04-28 20:30:12 [[32minfo[39m]: Servidor en el puerto 8080
2025-04-28 20:32:11 [[32minfo[39m]: Mongo DB Conectado
2025-04-28 20:32:11 [[32minfo[39m]: Servidor en el puerto 8080
2025-04-28 20:32:12 [[32minfo[39m]: Mongo DB Conectado
2025-04-28 20:32:12 [[32minfo[39m]: Servidor en el puerto 8080
2025-04-28 20:32:25 [[32minfo[39m]: Mongo DB Conectado
2025-04-28 20:32:25 [[32minfo[39m]: Servidor en el puerto 8080
2025-04-28 20:32:27 [[32minfo[39m]: Mongo DB Conectado
2025-04-28 20:32:27 [[32minfo[39m]: Servidor en el puerto 8080
2025-04-28 20:32:32 [[32minfo[39m]: Mongo DB Conectado
2025-04-28 20:32:32 [[32minfo[39m]: Servidor en el puerto 8080
2025-04-28 20:32:38 [[32minfo[39m]: Mongo DB Conectado
2025-04-28 20:32:38 [[32minfo[39m]: Servidor en el puerto 8080
2025-04-28 20:33:18 [[32minfo[39m]: Mongo DB Conectado
2025-04-28 20:33:18 [[32minfo[39m]: Servidor en el puerto 8080
2025-04-28 20:33:21 [[32minfo[39m]: Mongo DB Conectado
2025-04-28 20:33:21 [[32minfo[39m]: Servidor en el puerto 8080
2025-04-28 20:34:12 [[32minfo[39m]: Mongo DB Conectado
2025-04-28 20:34:12 [[32minfo[39m]: Servidor en el puerto 8080
2025-04-28 20:34:17 [[32minfo[39m]: Mongo DB Conectado
2025-04-28 20:34:17 [[32minfo[39m]: Servidor en el puerto 8080
2025-04-28 20:34:30 [[32minfo[39m]: Mongo DB Conectado
2025-04-28 20:34:30 [[32minfo[39m]: Servidor en el puerto 8080
2025-04-28 20:34:41 [[32minfo[39m]: Mongo DB Conectado
2025-04-28 20:34:41 [[32minfo[39m]: Servidor en el puerto 8080
2025-04-28 20:34:54 [[32minfo[39m]: Mongo DB Conectado
2025-04-28 20:34:54 [[32minfo[39m]: Servidor en el puerto 8080
2025-04-28 20:34:55 [[32minfo[39m]: Mongo DB Conectado
2025-04-28 20:34:55 [[32minfo[39m]: Servidor en el puerto 8080
2025-04-28 20:34:58 [[32minfo[39m]: Mongo DB Conectado
2025-04-28 20:34:58 [[32minfo[39m]: Servidor en el puerto 8080
2025-04-28 20:35:00 [[32minfo[39m]: Mongo DB Conectado
2025-04-28 20:35:00 [[32minfo[39m]: Servidor en el puerto 8080
2025-04-28 20:35:06 [[32minfo[39m]: Mongo DB Conectado
2025-04-28 20:35:06 [[32minfo[39m]: Servidor en el puerto 8080
2025-04-28 20:35:08 [[32minfo[39m]: Mongo DB Conectado
2025-04-28 20:35:08 [[32minfo[39m]: Servidor en el puerto 8080
2025-04-28 20:35:10 [[32minfo[39m]: Mongo DB Conectado
2025-04-28 20:35:10 [[32minfo[39m]: Servidor en el puerto 8080
2025-04-28 20:35:13 [[32minfo[39m]: Mongo DB Conectado
2025-04-28 20:35:13 [[32minfo[39m]: Servidor en el puerto 8080
2025-04-28 20:35:16 [[32minfo[39m]: Mongo DB Conectado
2025-04-28 20:35:16 [[32minfo[39m]: Servidor en el puerto 8080
2025-04-28 20:35:24 [[32minfo[39m]: Mongo DB Conectado
2025-04-28 20:35:24 [[32minfo[39m]: Servidor en el puerto 8080
2025-04-28 20:35:42 [[32minfo[39m]: Mongo DB Conectado
2025-04-28 20:35:42 [[32minfo[39m]: Servidor en el puerto 8080
2025-04-28 20:36:23 [[32minfo[39m]: Mongo DB Conectado
2025-04-28 20:36:23 [[32minfo[39m]: Servidor en el puerto 8080
2025-04-28 20:36:25 [[32minfo[39m]: Mongo DB Conectado
2025-04-28 20:36:25 [[32minfo[39m]: Servidor en el puerto 8080
2025-04-28 20:36:49 [[32minfo[39m]: Mongo DB Conectado
2025-04-28 20:36:49 [[32minfo[39m]: Servidor en el puerto 8080
2025-04-28 20:36:51 [[32minfo[39m]: Mongo DB Conectado
2025-04-28 20:36:51 [[32minfo[39m]: Servidor en el puerto 8080
2025-04-28 20:36:58 [[34mdebug[39m]: {
  "statusCode": 404,
  "files": [
    "Error: El usuario no existe",
    "    at remove (file:///C:/Users/danta/testing_y_escalabilidad_proyecto/backend-70360/clase-14/src/modules/users/user.controller.js:32:25)",
    "    at process.processTicksAndRejections (node:internal/process/task_queues:105:5)"
  ],
  "message": "El usuario no existe",
  "path": "/api/users/67ca35d1e8b1391ada8c86ea",
  "method": "DELETE"
}
2025-04-28 20:38:37 [[32minfo[39m]: Mongo DB Conectado
2025-04-28 20:38:37 [[32minfo[39m]: Servidor en el puerto 8080
2025-04-28 20:38:42 [[32minfo[39m]: Mongo DB Conectado
2025-04-28 20:38:42 [[32minfo[39m]: Servidor en el puerto 8080
2025-04-28 20:38:45 [[32minfo[39m]: Mongo DB Conectado
2025-04-28 20:38:45 [[32minfo[39m]: Servidor en el puerto 8080
2025-04-28 20:38:47 [[32minfo[39m]: Mongo DB Conectado
2025-04-28 20:38:47 [[32minfo[39m]: Servidor en el puerto 8080
2025-04-28 20:39:21 [[32minfo[39m]: Mongo DB Conectado
2025-04-28 20:39:21 [[32minfo[39m]: Servidor en el puerto 8080
2025-04-28 20:39:36 [[32minfo[39m]: Mongo DB Conectado
2025-04-28 20:39:36 [[32minfo[39m]: Servidor en el puerto 8080
2025-04-28 20:39:40 [[32minfo[39m]: Mongo DB Conectado
2025-04-28 20:39:40 [[32minfo[39m]: Servidor en el puerto 8080
2025-04-28 20:40:02 [[32minfo[39m]: Mongo DB Conectado
2025-04-28 20:40:02 [[32minfo[39m]: Servidor en el puerto 8080
2025-04-28 20:40:04 [[32minfo[39m]: Mongo DB Conectado
2025-04-28 20:40:04 [[32minfo[39m]: Servidor en el puerto 8080
2025-04-28 20:40:14 [[32minfo[39m]: Mongo DB Conectado
2025-04-28 20:40:14 [[32minfo[39m]: Servidor en el puerto 8080
2025-04-28 20:40:56 [[32minfo[39m]: Mongo DB Conectado
2025-04-28 20:40:56 [[32minfo[39m]: Servidor en el puerto 8080
2025-04-28 20:41:06 [[32minfo[39m]: Mongo DB Conectado
2025-04-28 20:41:06 [[32minfo[39m]: Servidor en el puerto 8080
2025-04-28 20:41:09 [[32minfo[39m]: Mongo DB Conectado
2025-04-28 20:41:09 [[32minfo[39m]: Servidor en el puerto 8080
2025-04-28 20:41:16 [[32minfo[39m]: Mongo DB Conectado
2025-04-28 20:41:16 [[32minfo[39m]: Servidor en el puerto 8080
2025-04-28 20:41:18 [[32minfo[39m]: Mongo DB Conectado
2025-04-28 20:41:18 [[32minfo[39m]: Servidor en el puerto 8080
2025-04-28 20:41:24 [[32minfo[39m]: Mongo DB Conectado
2025-04-28 20:41:24 [[32minfo[39m]: Servidor en el puerto 8080
2025-04-28 20:41:26 [[32minfo[39m]: Mongo DB Conectado
2025-04-28 20:41:26 [[32minfo[39m]: Servidor en el puerto 8080
2025-04-28 20:41:31 [[32minfo[39m]: Mongo DB Conectado
2025-04-28 20:41:31 [[32minfo[39m]: Servidor en el puerto 8080
2025-04-28 20:41:57 [[32minfo[39m]: Mongo DB Conectado
2025-04-28 20:41:57 [[32minfo[39m]: Servidor en el puerto 8080
2025-04-28 20:42:02 [[32minfo[39m]: Mongo DB Conectado
2025-04-28 20:42:02 [[32minfo[39m]: Servidor en el puerto 8080
2025-04-28 20:43:15 [[32minfo[39m]: Mongo DB Conectado
2025-04-28 20:43:15 [[32minfo[39m]: Servidor en el puerto 8080
2025-04-28 20:43:55 [[32minfo[39m]: Mongo DB Conectado
2025-04-28 20:43:55 [[32minfo[39m]: Servidor en el puerto 8080
2025-04-28 20:43:59 [[32minfo[39m]: Mongo DB Conectado
2025-04-28 20:43:59 [[32minfo[39m]: Servidor en el puerto 8080
2025-04-28 20:44:12 [[32minfo[39m]: Mongo DB Conectado
2025-04-28 20:44:12 [[32minfo[39m]: Servidor en el puerto 8080
2025-04-28 20:44:28 [[32minfo[39m]: Mongo DB Conectado
2025-04-28 20:44:28 [[32minfo[39m]: Servidor en el puerto 8080
2025-04-28 20:44:37 [[34mdebug[39m]: {
  "statusCode": 404,
  "files": [
    "Error: El usuario no existe",
    "    at getOne (file:///C:/Users/danta/testing_y_escalabilidad_proyecto/backend-70360/clase-14/src/modules/users/user.controller.js:19:24)",
    "    at process.processTicksAndRejections (node:internal/process/task_queues:105:5)"
  ],
  "message": "El usuario no existe",
  "path": "/api/users/67ca35d1e8b1391ada8c86ea",
  "method": "GET"
}
2025-04-28 20:46:09 [[32minfo[39m]: Mongo DB Conectado
2025-04-28 20:46:09 [[32minfo[39m]: Servidor en el puerto 8080
2025-04-28 20:46:14 [[32minfo[39m]: Mongo DB Conectado
2025-04-28 20:46:14 [[32minfo[39m]: Servidor en el puerto 8080
2025-04-28 20:46:18 [[32minfo[39m]: Mongo DB Conectado
2025-04-28 20:46:18 [[32minfo[39m]: Servidor en el puerto 8080
2025-04-28 20:46:28 [[32minfo[39m]: Mongo DB Conectado
2025-04-28 20:46:28 [[32minfo[39m]: Servidor en el puerto 8080
2025-04-28 20:46:30 [[32minfo[39m]: Mongo DB Conectado
2025-04-28 20:46:30 [[32minfo[39m]: Servidor en el puerto 8080
2025-04-28 20:46:39 [[32minfo[39m]: Mongo DB Conectado
2025-04-28 20:46:39 [[32minfo[39m]: Servidor en el puerto 8080
2025-04-28 20:46:45 [[32minfo[39m]: Mongo DB Conectado
2025-04-28 20:46:45 [[32minfo[39m]: Servidor en el puerto 8080
2025-04-28 20:46:48 [[32minfo[39m]: Mongo DB Conectado
2025-04-28 20:46:48 [[32minfo[39m]: Servidor en el puerto 8080
2025-04-28 20:46:54 [[32minfo[39m]: Mongo DB Conectado
2025-04-28 20:46:54 [[32minfo[39m]: Servidor en el puerto 8080
2025-04-28 21:20:02 [[32minfo[39m]: Mongo DB Conectado
2025-04-28 21:20:02 [[32minfo[39m]: Servidor en el puerto 8080
2025-04-28 21:20:03 [[32minfo[39m]: Mongo DB Conectado
2025-04-28 21:20:03 [[32minfo[39m]: Servidor en el puerto 8080
2025-04-28 21:20:26 [[32minfo[39m]: Mongo DB Conectado
2025-04-28 21:20:26 [[32minfo[39m]: Servidor en el puerto 8080
2025-04-28 21:20:44 [[34mdebug[39m]: {
  "statusCode": 403,
  "files": [
    "Error: El usuario ya existe con ese email",
    "    at AuthService.registerUser (file:///C:/Users/danta/testing_y_escalabilidad_proyecto/backend-70360/clase-14/src/modules/auth/auth.service.js:10:25)",
    "    at process.processTicksAndRejections (node:internal/process/task_queues:105:5)",
    "    at async registerUser (file:///C:/Users/danta/testing_y_escalabilidad_proyecto/backend-70360/clase-14/src/modules/auth/auth.controller.js:7:23)"
  ],
  "message": "El usuario ya existe con ese email",
  "path": "/api/auth/register",
  "method": "POST"
}
2025-04-28 21:21:30 [[32minfo[39m]: Mongo DB Conectado
2025-04-28 21:21:30 [[32minfo[39m]: Servidor en el puerto 8080
2025-04-28 21:21:37 [[32minfo[39m]: Mongo DB Conectado
2025-04-28 21:21:37 [[32minfo[39m]: Servidor en el puerto 8080
2025-04-28 21:22:30 [[32minfo[39m]: Mongo DB Conectado
2025-04-28 21:22:30 [[32minfo[39m]: Servidor en el puerto 8080
2025-04-28 21:43:38 [[32minfo[39m]: Mongo DB Conectado
2025-04-28 21:43:38 [[32minfo[39m]: Servidor en el puerto 8080
2025-04-28 21:45:46 [[32minfo[39m]: Mongo DB Conectado
2025-04-28 21:45:46 [[32minfo[39m]: Servidor en el puerto 8080
2025-04-28 21:45:57 [[32minfo[39m]: Mongo DB Conectado
2025-04-28 21:45:57 [[32minfo[39m]: Servidor en el puerto 8080
2025-04-28 21:46:54 [[32minfo[39m]: Mongo DB Conectado
2025-04-28 21:46:54 [[32minfo[39m]: Servidor en el puerto 8080
2025-04-28 21:47:02 [[34mdebug[39m]: {
  "statusCode": 400,
  "files": [
    "SyntaxError: Expected double-quoted property name in JSON at position 99 (line 7 column 1)",
    "    at JSON.parse (<anonymous>)",
    "    at parse (C:\\Users\\danta\\testing_y_escalabilidad_proyecto\\backend-70360\\clase-14\\node_modules\\body-parser\\lib\\types\\json.js:92:19)",
    "    at C:\\Users\\danta\\testing_y_escalabilidad_proyecto\\backend-70360\\clase-14\\node_modules\\body-parser\\lib\\read.js:128:18",
    "    at AsyncResource.runInAsyncScope (node:async_hooks:211:14)",
    "    at invokeCallback (C:\\Users\\danta\\testing_y_escalabilidad_proyecto\\backend-70360\\clase-14\\node_modules\\raw-body\\index.js:238:16)",
    "    at done (C:\\Users\\danta\\testing_y_escalabilidad_proyecto\\backend-70360\\clase-14\\node_modules\\raw-body\\index.js:227:7)",
    "    at IncomingMessage.onEnd (C:\\Users\\danta\\testing_y_escalabilidad_proyecto\\backend-70360\\clase-14\\node_modules\\raw-body\\index.js:287:7)",
    "    at IncomingMessage.emit (node:events:518:28)",
    "    at endReadableNT (node:internal/streams/readable:1698:12)",
    "    at process.processTicksAndRejections (node:internal/process/task_queues:90:21)"
  ],
  "message": "Expected double-quoted property name in JSON at position 99 (line 7 column 1)",
  "path": "/api/users/67ca35d1e8b1391ada8c86ea",
  "method": "PUT"
}
2025-04-28 21:47:54 [[34mdebug[39m]: {
  "statusCode": 400,
  "files": [
    "SyntaxError: Expected double-quoted property name in JSON at position 99 (line 7 column 1)",
    "    at JSON.parse (<anonymous>)",
    "    at parse (C:\\Users\\danta\\testing_y_escalabilidad_proyecto\\backend-70360\\clase-14\\node_modules\\body-parser\\lib\\types\\json.js:92:19)",
    "    at C:\\Users\\danta\\testing_y_escalabilidad_proyecto\\backend-70360\\clase-14\\node_modules\\body-parser\\lib\\read.js:128:18",
    "    at AsyncResource.runInAsyncScope (node:async_hooks:211:14)",
    "    at invokeCallback (C:\\Users\\danta\\testing_y_escalabilidad_proyecto\\backend-70360\\clase-14\\node_modules\\raw-body\\index.js:238:16)",
    "    at done (C:\\Users\\danta\\testing_y_escalabilidad_proyecto\\backend-70360\\clase-14\\node_modules\\raw-body\\index.js:227:7)",
    "    at IncomingMessage.onEnd (C:\\Users\\danta\\testing_y_escalabilidad_proyecto\\backend-70360\\clase-14\\node_modules\\raw-body\\index.js:287:7)",
    "    at IncomingMessage.emit (node:events:518:28)",
    "    at endReadableNT (node:internal/streams/readable:1698:12)",
    "    at process.processTicksAndRejections (node:internal/process/task_queues:90:21)"
  ],
  "message": "Expected double-quoted property name in JSON at position 99 (line 7 column 1)",
  "path": "/api/users/67ca35d1e8b1391ada8c86ea",
  "method": "PUT"
}
2025-04-28 21:48:36 [[34mdebug[39m]: {
  "statusCode": 404,
  "files": [
    "Error: El usuario no existe",
    "    at update (file:///C:/Users/danta/testing_y_escalabilidad_proyecto/backend-70360/clase-14/src/modules/users/user.controller.js:42:24)",
    "    at process.processTicksAndRejections (node:internal/process/task_queues:105:5)"
  ],
  "message": "El usuario no existe",
  "path": "/api/users/67ca35d1e8b1391ada8c86ea",
  "method": "PUT"
}
2025-04-28 21:53:42 [[32minfo[39m]: Mongo DB Conectado
2025-04-28 21:53:42 [[32minfo[39m]: Servidor en el puerto 8080
2025-04-28 21:54:53 [[31merror[39m]: Status: 500 [PUT] /api/users/67eb48f42566028749e92f2f - msg: Plan executor error during findAndModify :: caused by :: E11000 duplicate key error collection: petscoder.users index: email_1 dup key: { email: "rq@example.com" }
2025-04-28 21:54:53 [[31merror[39m]: {
  "statusCode": 500,
  "files": [
    "MongoServerError: Plan executor error during findAndModify :: caused by :: E11000 duplicate key error collection: petscoder.users index: email_1 dup key: { email: \"rq@example.com\" }",
    "    at Connection.sendCommand (C:\\Users\\danta\\testing_y_escalabilidad_proyecto\\backend-70360\\clase-14\\node_modules\\mongodb\\lib\\cmap\\connection.js:299:27)",
    "    at process.processTicksAndRejections (node:internal/process/task_queues:105:5)",
    "    at async Connection.command (C:\\Users\\danta\\testing_y_escalabilidad_proyecto\\backend-70360\\clase-14\\node_modules\\mongodb\\lib\\cmap\\connection.js:327:26)",
    "    at async Server.command (C:\\Users\\danta\\testing_y_escalabilidad_proyecto\\backend-70360\\clase-14\\node_modules\\mongodb\\lib\\sdam\\server.js:168:29)",
    "    at async FindOneAndUpdateOperation.executeCommand (C:\\Users\\danta\\testing_y_escalabilidad_proyecto\\backend-70360\\clase-14\\node_modules\\mongodb\\lib\\operations\\command.js:76:16)",
    "    at async FindOneAndUpdateOperation.execute (C:\\Users\\danta\\testing_y_escalabilidad_proyecto\\backend-70360\\clase-14\\node_modules\\mongodb\\lib\\operations\\find_and_modify.js:85:24)",
    "    at async tryOperation (C:\\Users\\danta\\testing_y_escalabilidad_proyecto\\backend-70360\\clase-14\\node_modules\\mongodb\\lib\\operations\\execute_operation.js:207:20)",
    "    at async executeOperation (C:\\Users\\danta\\testing_y_escalabilidad_proyecto\\backend-70360\\clase-14\\node_modules\\mongodb\\lib\\operations\\execute_operation.js:75:16)",
    "    at async Collection.findOneAndUpdate (C:\\Users\\danta\\testing_y_escalabilidad_proyecto\\backend-70360\\clase-14\\node_modules\\mongodb\\lib\\collection.js:500:16)",
    "    at async model.Query._findOneAndUpdate (C:\\Users\\danta\\testing_y_escalabilidad_proyecto\\backend-70360\\clase-14\\node_modules\\mongoose\\lib\\query.js:3475:13)"
  ],
  "message": "Plan executor error during findAndModify :: caused by :: E11000 duplicate key error collection: petscoder.users index: email_1 dup key: { email: \"rq@example.com\" }",
  "path": "/api/users/67eb48f42566028749e92f2f",
  "method": "PUT"
}
2025-04-28 21:57:00 [[32minfo[39m]: Mongo DB Conectado
2025-04-28 21:57:00 [[32minfo[39m]: Servidor en el puerto 8080
2025-04-28 21:57:21 [[32minfo[39m]: Mongo DB Conectado
2025-04-28 21:57:21 [[32minfo[39m]: Servidor en el puerto 8080
2025-04-28 21:58:38 [[32minfo[39m]: Mongo DB Conectado
2025-04-28 21:58:38 [[32minfo[39m]: Servidor en el puerto 8080
2025-04-29 07:14:59 [[32minfo[39m]: Mongo DB Conectado
2025-04-29 07:14:59 [[32minfo[39m]: Servidor en el puerto 8080
2025-04-29 07:15:01 [[32minfo[39m]: Mongo DB Conectado
2025-04-29 07:15:01 [[32minfo[39m]: Servidor en el puerto 8080
2025-04-29 07:55:26 [[32minfo[39m]: Mongo DB Conectado
2025-04-29 07:55:26 [[32minfo[39m]: Servidor en el puerto 8080
2025-04-29 07:55:43 [[32minfo[39m]: Mongo DB Conectado
2025-04-29 07:55:43 [[32minfo[39m]: Servidor en el puerto 8080
2025-04-29 07:57:29 [[34mdebug[39m]: {
  "statusCode": 403,
  "files": [
    "Error: El usuario ya existe con ese email",
    "    at AuthService.registerUser (file:///C:/Users/danta/testing_y_escalabilidad_proyecto/backend-70360/clase-14/src/modules/auth/auth.service.js:10:25)",
    "    at process.processTicksAndRejections (node:internal/process/task_queues:105:5)",
    "    at async registerUser (file:///C:/Users/danta/testing_y_escalabilidad_proyecto/backend-70360/clase-14/src/modules/auth/auth.controller.js:7:23)"
  ],
  "message": "El usuario ya existe con ese email",
  "path": "/api/auth/register",
  "method": "POST"
}
2025-04-29 07:57:29 [[34mdebug[39m]: Iniciando login en el servicio
2025-04-29 07:57:29 [[34mdebug[39m]: Token: eyJhbGciOiJIUzI1NiIsInR5cCI6IkpXVCJ9.eyJpZCI6IjY4MTBlODZlNjE0MDc4NDMwMzZjNTNlYSIsImVtYWlsIjoianBAZ21haWwuY29tIiwiaWF0IjoxNzQ1OTM4NjQ5LCJleHAiOjE3NDU5NDA0NDl9.l3_pOrWT-tJT3S4chTU6qGVFWtJTv2RHuPQQUc6EGP8
2025-04-29 08:11:48 [[32minfo[39m]: Mongo DB Conectado
2025-04-29 08:11:48 [[32minfo[39m]: Servidor en el puerto 8080
2025-04-29 08:14:02 [[34mdebug[39m]: {
  "statusCode": 403,
  "files": [
    "Error: El usuario ya existe con ese email",
    "    at AuthService.registerUser (file:///C:/Users/danta/testing_y_escalabilidad_proyecto/backend-70360/clase-14/src/modules/auth/auth.service.js:10:25)",
    "    at process.processTicksAndRejections (node:internal/process/task_queues:105:5)",
    "    at async registerUser (file:///C:/Users/danta/testing_y_escalabilidad_proyecto/backend-70360/clase-14/src/modules/auth/auth.controller.js:7:23)"
  ],
  "message": "El usuario ya existe con ese email",
  "path": "/api/auth/register",
  "method": "POST"
}
2025-04-29 08:14:02 [[34mdebug[39m]: Iniciando login en el servicio
2025-04-29 08:14:02 [[34mdebug[39m]: Token: eyJhbGciOiJIUzI1NiIsInR5cCI6IkpXVCJ9.eyJpZCI6IjY4MTBlODZlNjE0MDc4NDMwMzZjNTNlYSIsImVtYWlsIjoianBAZ21haWwuY29tIiwiaWF0IjoxNzQ1OTM5NjQyLCJleHAiOjE3NDU5NDE0NDJ9.dN110m4Y9PKzDxahdTTKOxTrWd2cIIVTkDRERgNn4FA
2025-04-29 08:19:09 [[32minfo[39m]: Mongo DB Conectado
2025-04-29 08:19:09 [[32minfo[39m]: Servidor en el puerto 8080
2025-04-29 08:19:10 [[32minfo[39m]: Mongo DB Conectado
2025-04-29 08:19:10 [[32minfo[39m]: Servidor en el puerto 8080
2025-04-29 08:24:33 [[34mdebug[39m]: {
  "statusCode": 404,
  "files": [
    "Error: El usuario no existe",
    "    at remove (file:///C:/Users/danta/testing_y_escalabilidad_proyecto/backend-70360/clase-14/src/modules/users/user.controller.js:54:25)",
    "    at process.processTicksAndRejections (node:internal/process/task_queues:105:5)"
  ],
  "message": "El usuario no existe",
  "path": "/api/users/6810e86e61407843036c53ea",
  "method": "DELETE"
}
2025-04-29 08:24:57 [[34mdebug[39m]: Iniciando login en el servicio
2025-04-29 08:24:57 [[34mdebug[39m]: Token: eyJhbGciOiJIUzI1NiIsInR5cCI6IkpXVCJ9.eyJpZCI6IjY4MTBlZjQ5MjkzMmIzMzViN2YyNjIxNSIsImVtYWlsIjoianBAZ21haWwuY29tIiwiaWF0IjoxNzQ1OTQwMjk3LCJleHAiOjE3NDU5NDIwOTd9.YAZ5fGn7LgFA1GlQSxXDJwJk4WGJ3WW37Uj1WbhiTvo
2025-04-29 08:26:51 [[34mdebug[39m]: Iniciando login en el servicio
2025-04-29 08:26:51 [[34mdebug[39m]: Token: eyJhbGciOiJIUzI1NiIsInR5cCI6IkpXVCJ9.eyJpZCI6IjY4MTBlZmJiMjkzMmIzMzViN2YyNjIyMyIsImVtYWlsIjoianBAZ21haWwuY29tIiwiaWF0IjoxNzQ1OTQwNDExLCJleHAiOjE3NDU5NDIyMTF9.Jt4wU8ba20kU_rdfTlgW_LKeQnJezGrNBm6SqVGwFb8
2025-04-29 08:30:27 [[34mdebug[39m]: Iniciando login en el servicio
2025-04-29 08:30:27 [[34mdebug[39m]: Token: eyJhbGciOiJIUzI1NiIsInR5cCI6IkpXVCJ9.eyJpZCI6IjY4MTBmMDkzMjkzMmIzMzViN2YyNjIzMCIsImVtYWlsIjoianBAZ21haWwuY29tIiwiaWF0IjoxNzQ1OTQwNjI3LCJleHAiOjE3NDU5NDI0Mjd9.A02eMC09zq9Xix5_YJr4bhp2UFkf3n71B7sKZnw-3b4
2025-04-29 08:31:33 [[34mdebug[39m]: Iniciando login en el servicio
2025-04-29 08:31:33 [[34mdebug[39m]: Token: eyJhbGciOiJIUzI1NiIsInR5cCI6IkpXVCJ9.eyJpZCI6IjY4MTBmMGQ1MjkzMmIzMzViN2YyNjIzZCIsImVtYWlsIjoianBAZ21haWwuY29tIiwiaWF0IjoxNzQ1OTQwNjkzLCJleHAiOjE3NDU5NDI0OTN9.rsdaw5fKJW-hjUaokpDIPyJAAFANhvV8thTJite1PTw
2025-04-29 08:31:34 [[31merror[39m]: Status: 500 [POST] /api/pets - msg: pets validation failed: birthDate: Cast to date failed for value "10-12-2020T07:00:00.000Z" (type string) at path "birthDate"
2025-04-29 08:31:34 [[31merror[39m]: {
  "statusCode": 500,
  "files": [
    "ValidationError: pets validation failed: birthDate: Cast to date failed for value \"10-12-2020T07:00:00.000Z\" (type string) at path \"birthDate\"",
    "    at Document.invalidate (C:\\Users\\danta\\testing_y_escalabilidad_proyecto\\backend-70360\\clase-14\\node_modules\\mongoose\\lib\\document.js:3351:32)",
    "    at model.$set (C:\\Users\\danta\\testing_y_escalabilidad_proyecto\\backend-70360\\clase-14\\node_modules\\mongoose\\lib\\document.js:1480:12)",
    "    at model.$set (C:\\Users\\danta\\testing_y_escalabilidad_proyecto\\backend-70360\\clase-14\\node_modules\\mongoose\\lib\\document.js:1132:16)",
    "    at model.Document (C:\\Users\\danta\\testing_y_escalabilidad_proyecto\\backend-70360\\clase-14\\node_modules\\mongoose\\lib\\document.js:178:12)",
    "    at model.Model (C:\\Users\\danta\\testing_y_escalabilidad_proyecto\\backend-70360\\clase-14\\node_modules\\mongoose\\lib\\model.js:128:12)",
    "    at new model (C:\\Users\\danta\\testing_y_escalabilidad_proyecto\\backend-70360\\clase-14\\node_modules\\mongoose\\lib\\model.js:4800:15)",
    "    at C:\\Users\\danta\\testing_y_escalabilidad_proyecto\\backend-70360\\clase-14\\node_modules\\mongoose\\lib\\model.js:2759:20",
    "    at Array.map (<anonymous>)",
    "    at Function.create (C:\\Users\\danta\\testing_y_escalabilidad_proyecto\\backend-70360\\clase-14\\node_modules\\mongoose\\lib\\model.js:2747:34)",
    "    at PetDao.create (file:///C:/Users/danta/testing_y_escalabilidad_proyecto/backend-70360/clase-14/src/modules/pets/pet.dao.js:6:27)"
  ],
  "message": "pets validation failed: birthDate: Cast to date failed for value \"10-12-2020T07:00:00.000Z\" (type string) at path \"birthDate\"",
  "path": "/api/pets",
  "method": "POST"
}
2025-04-29 08:33:48 [[34mdebug[39m]: Iniciando login en el servicio
2025-04-29 08:33:49 [[34mdebug[39m]: Token: eyJhbGciOiJIUzI1NiIsInR5cCI6IkpXVCJ9.eyJpZCI6IjY4MTBmMTVjMjkzMmIzMzViN2YyNjI0NCIsImVtYWlsIjoianBAZ21haWwuY29tIiwiaWF0IjoxNzQ1OTQwODI5LCJleHAiOjE3NDU5NDI2Mjl9.ERzGy4JVAMFJd5HZt7GYt0-xMeYUZjBxeTEttcFroDw
2025-04-29 08:46:36 [[34mdebug[39m]: Iniciando login en el servicio
2025-04-29 08:46:36 [[34mdebug[39m]: Token: eyJhbGciOiJIUzI1NiIsInR5cCI6IkpXVCJ9.eyJpZCI6IjY4MTBmNDVjMjkzMmIzMzViN2YyNjI1MSIsImVtYWlsIjoianBAZ21haWwuY29tIiwiaWF0IjoxNzQ1OTQxNTk2LCJleHAiOjE3NDU5NDMzOTZ9.qBtXzpLsKY7TbclmIx_5wv1eoMvADJ4MzBULRDKrX4I
2025-04-29 08:47:51 [[34mdebug[39m]: Iniciando login en el servicio
2025-04-29 08:47:51 [[34mdebug[39m]: Token: eyJhbGciOiJIUzI1NiIsInR5cCI6IkpXVCJ9.eyJpZCI6IjY4MTBmNGE3MjkzMmIzMzViN2YyNjI1ZSIsImVtYWlsIjoianBAZ21haWwuY29tIiwiaWF0IjoxNzQ1OTQxNjcxLCJleHAiOjE3NDU5NDM0NzF9.ARUvzly30TnZ-uBOTBQ7MsEt6vDdkaM720JTtN7UymM
2025-04-29 08:50:31 [[34mdebug[39m]: {
  "statusCode": 404,
  "files": [
    "Error: Pet not found",
    "    at PetService.getOne (file:///C:/Users/danta/testing_y_escalabilidad_proyecto/backend-70360/clase-14/src/modules/pets/pet.service.js:13:20)",
    "    at process.processTicksAndRejections (node:internal/process/task_queues:105:5)",
    "    at async getPetById (file:///C:/Users/danta/testing_y_escalabilidad_proyecto/backend-70360/clase-14/src/modules/pets/pet.controller.js:18:19)"
  ],
  "message": "Pet not found",
  "path": "/api/pets/67ca35d1e8b1391ada8c86ea",
  "method": "GET"
}
2025-04-29 08:55:53 [[34mdebug[39m]: Iniciando login en el servicio
2025-04-29 08:55:53 [[34mdebug[39m]: Token: eyJhbGciOiJIUzI1NiIsInR5cCI6IkpXVCJ9.eyJpZCI6IjY4MTBmNjg5MjkzMmIzMzViN2YyNjI2YyIsImVtYWlsIjoianBAZ21haWwuY29tIiwiaWF0IjoxNzQ1OTQyMTUzLCJleHAiOjE3NDU5NDM5NTN9.1SypT7duO3FKPN7ac0osQr50bKGx4I0Ra-jmAkx8upA
2025-04-29 08:56:47 [[34mdebug[39m]: Iniciando login en el servicio
2025-04-29 08:56:47 [[34mdebug[39m]: Token: eyJhbGciOiJIUzI1NiIsInR5cCI6IkpXVCJ9.eyJpZCI6IjY4MTBmNmJmMjkzMmIzMzViN2YyNjI3OSIsImVtYWlsIjoianBAZ21haWwuY29tIiwiaWF0IjoxNzQ1OTQyMjA3LCJleHAiOjE3NDU5NDQwMDd9.XRH3JlXLLsqgmIzXFXDQROD8LZUfNAFnfP2B-aEmpJo
2025-04-29 08:57:54 [[34mdebug[39m]: Iniciando login en el servicio
2025-04-29 08:57:54 [[34mdebug[39m]: Token: eyJhbGciOiJIUzI1NiIsInR5cCI6IkpXVCJ9.eyJpZCI6IjY4MTBmNzAyMjkzMmIzMzViN2YyNjI4NiIsImVtYWlsIjoianBAZ21haWwuY29tIiwiaWF0IjoxNzQ1OTQyMjc0LCJleHAiOjE3NDU5NDQwNzR9.2qBpqwJSBT2WFz7HC_rihYWs4sHRFK3-r-L2YVcRGGg
2025-04-29 08:58:39 [[34mdebug[39m]: Iniciando login en el servicio
2025-04-29 08:58:39 [[34mdebug[39m]: Token: eyJhbGciOiJIUzI1NiIsInR5cCI6IkpXVCJ9.eyJpZCI6IjY4MTBmNzJlMjkzMmIzMzViN2YyNjI5MyIsImVtYWlsIjoianBAZ21haWwuY29tIiwiaWF0IjoxNzQ1OTQyMzE5LCJleHAiOjE3NDU5NDQxMTl9.wdbh4kQ6x4DBVQGgiTII4OvbFfjxUW4-oXSaBs89-eE
2025-04-29 08:59:25 [[34mdebug[39m]: Iniciando login en el servicio
2025-04-29 08:59:25 [[34mdebug[39m]: Token: eyJhbGciOiJIUzI1NiIsInR5cCI6IkpXVCJ9.eyJpZCI6IjY4MTBmNzVkMjkzMmIzMzViN2YyNjJhMCIsImVtYWlsIjoianBAZ21haWwuY29tIiwiaWF0IjoxNzQ1OTQyMzY1LCJleHAiOjE3NDU5NDQxNjV9.SlV3w4XZfmeVGLnOtb58w5t250Cs8E-_VWcnCJs7AGk
2025-04-29 09:11:35 [[32minfo[39m]: Mongo DB Conectado
2025-04-29 09:11:35 [[32minfo[39m]: Servidor en el puerto 8080
2025-04-29 10:11:35 [[32minfo[39m]: Mongo DB Conectado
2025-04-29 10:11:35 [[32minfo[39m]: Servidor en el puerto 8080
2025-04-29 10:11:36 [[32minfo[39m]: Mongo DB Conectado
2025-04-29 10:11:36 [[32minfo[39m]: Servidor en el puerto 8080
2025-04-29 10:53:30 [[32minfo[39m]: Mongo DB Conectado
2025-04-29 10:53:30 [[32minfo[39m]: Servidor en el puerto 8080
2025-04-29 10:55:26 [[34mdebug[39m]: {
  "statusCode": 403,
  "files": [
    "Error: El usuario ya existe con ese email",
    "    at AuthService.registerUser (file:///C:/Users/danta/testing_y_escalabilidad_proyecto/backend-70360/clase-14/src/modules/auth/auth.service.js:10:25)",
    "    at process.processTicksAndRejections (node:internal/process/task_queues:105:5)",
    "    at async registerUser (file:///C:/Users/danta/testing_y_escalabilidad_proyecto/backend-70360/clase-14/src/modules/auth/auth.controller.js:7:23)"
  ],
  "message": "El usuario ya existe con ese email",
  "path": "/api/auth/register",
  "method": "POST"
}
2025-04-29 10:55:26 [[34mdebug[39m]: Iniciando login en el servicio
2025-04-29 10:55:26 [[34mdebug[39m]: Token: eyJhbGciOiJIUzI1NiIsInR5cCI6IkpXVCJ9.eyJpZCI6IjY4MTExMjE4ZTE4M2NkYzY2YTZiOWY2NyIsImVtYWlsIjoianBAZ21haWwuY29tIiwiaWF0IjoxNzQ1OTQ5MzI2LCJleHAiOjE3NDU5NTExMjZ9.pqzAGtJ0Xdk0J33zpHekYN8o6Aj5pbz2LUo1lPDw8iw
2025-04-29 10:55:27 [[34mdebug[39m]: {
  "statusCode": 403,
  "files": [
    "Error: El usuario ya existe con ese email",
    "    at AuthService.registerUser (file:///C:/Users/danta/testing_y_escalabilidad_proyecto/backend-70360/clase-14/src/modules/auth/auth.service.js:10:25)",
    "    at process.processTicksAndRejections (node:internal/process/task_queues:105:5)",
    "    at async registerUser (file:///C:/Users/danta/testing_y_escalabilidad_proyecto/backend-70360/clase-14/src/modules/auth/auth.controller.js:7:23)"
  ],
  "message": "El usuario ya existe con ese email",
  "path": "/api/auth/register",
  "method": "POST"
}
2025-04-29 10:57:22 [[34mdebug[39m]: Iniciando login en el servicio
2025-04-29 10:57:22 [[34mdebug[39m]: Token: eyJhbGciOiJIUzI1NiIsInR5cCI6IkpXVCJ9.eyJpZCI6IjY4MTExMzAxMmE5YWZhOWUzYmVlMWQ4MyIsImVtYWlsIjoianBAZ21haWwuY29tIiwiaWF0IjoxNzQ1OTQ5NDQyLCJleHAiOjE3NDU5NTEyNDJ9.B0EQQXUnUQ0XlSD_mygQ9z03WLmBtXtbazLu5YDc6ZI
2025-04-29 11:01:42 [[34mdebug[39m]: Iniciando login en el servicio
2025-04-29 11:01:42 [[34mdebug[39m]: Token: eyJhbGciOiJIUzI1NiIsInR5cCI6IkpXVCJ9.eyJpZCI6IjY4MTExNDA2MmE5YWZhOWUzYmVlMWQ5OCIsImVtYWlsIjoianBAZ21haWwuY29tIiwiaWF0IjoxNzQ1OTQ5NzAyLCJleHAiOjE3NDU5NTE1MDJ9.WrmSOxJtKO25s35fWYYo-tBznrmEY8qB4_Sf4gLsDP4
2025-04-29 11:11:41 [[32minfo[39m]: Mongo DB Conectado
2025-04-29 11:11:41 [[32minfo[39m]: Servidor en el puerto 8080
2025-04-29 11:11:43 [[32minfo[39m]: Mongo DB Conectado
2025-04-29 11:11:43 [[32minfo[39m]: Servidor en el puerto 8080
2025-04-29 11:34:01 [[34mdebug[39m]: Iniciando login en el servicio
2025-04-29 11:34:01 [[34mdebug[39m]: Token: eyJhbGciOiJIUzI1NiIsInR5cCI6IkpXVCJ9.eyJpZCI6IjY4MTExYjk5MmY3N2U4MDA5MWYzNjM5NiIsImVtYWlsIjoianBAZ21haWwuY29tIiwiaWF0IjoxNzQ1OTUxNjQxLCJleHAiOjE3NDU5NTM0NDF9.qCadlP2tg1yGl7iJGO5FZNO_qLJtiZicCkQKG6ZF-GI
2025-04-29 11:37:58 [[34mdebug[39m]: Iniciando login en el servicio
2025-04-29 11:37:59 [[34mdebug[39m]: Token: eyJhbGciOiJIUzI1NiIsInR5cCI6IkpXVCJ9.eyJpZCI6IjY4MTExYzg2MmY3N2U4MDA5MWYzNjNhYiIsImVtYWlsIjoianBAZ21haWwuY29tIiwiaWF0IjoxNzQ1OTUxODc5LCJleHAiOjE3NDU5NTM2Nzl9.0-X3LgVk9UU4DlxAFHJILzlmSWxZSEa7MUNFgnyXF-8
2025-04-29 11:48:31 [[34mdebug[39m]: Iniciando login en el servicio
2025-04-29 11:48:31 [[34mdebug[39m]: Token: eyJhbGciOiJIUzI1NiIsInR5cCI6IkpXVCJ9.eyJpZCI6IjY4MTExZWZlMmY3N2U4MDA5MWYzNjNjMiIsImVtYWlsIjoianBAZ21haWwuY29tIiwiaWF0IjoxNzQ1OTUyNTExLCJleHAiOjE3NDU5NTQzMTF9.uWn_RPrXc_xRyXBC0-wnz4bY2nxYMQuApycy15hnLY8
2025-04-29 11:49:32 [[34mdebug[39m]: Iniciando login en el servicio
2025-04-29 11:49:32 [[34mdebug[39m]: Token: eyJhbGciOiJIUzI1NiIsInR5cCI6IkpXVCJ9.eyJpZCI6IjY4MTExZjNiMmY3N2U4MDA5MWYzNjNkMCIsImVtYWlsIjoianBAZ21haWwuY29tIiwiaWF0IjoxNzQ1OTUyNTcyLCJleHAiOjE3NDU5NTQzNzJ9.GaZsg3KDCx3wijjlvVVUX1xeXy8KkVa-oJSaxWOnFzQ
2025-04-29 12:11:36 [[32minfo[39m]: Mongo DB Conectado
2025-04-29 12:11:36 [[32minfo[39m]: Servidor en el puerto 8080
2025-04-29 12:49:35 [[32minfo[39m]: Mongo DB Conectado
2025-04-29 12:49:35 [[32minfo[39m]: Servidor en el puerto 8080
2025-04-29 12:49:37 [[32minfo[39m]: Mongo DB Conectado
2025-04-29 12:49:37 [[32minfo[39m]: Servidor en el puerto 8080
2025-04-29 12:49:39 [[32minfo[39m]: Mongo DB Conectado
2025-04-29 12:49:39 [[32minfo[39m]: Servidor en el puerto 8080
2025-04-29 12:49:43 [[32minfo[39m]: Mongo DB Conectado
2025-04-29 12:49:43 [[32minfo[39m]: Servidor en el puerto 8080
2025-04-29 12:49:55 [[32minfo[39m]: Mongo DB Conectado
2025-04-29 12:49:55 [[32minfo[39m]: Servidor en el puerto 8080
2025-04-29 12:50:07 [[32minfo[39m]: Mongo DB Conectado
2025-04-29 12:50:07 [[32minfo[39m]: Servidor en el puerto 8080
2025-04-29 12:50:37 [[32minfo[39m]: Mongo DB Conectado
2025-04-29 12:50:37 [[32minfo[39m]: Servidor en el puerto 8080
2025-04-29 12:51:15 [[32minfo[39m]: Mongo DB Conectado
2025-04-29 12:51:15 [[32minfo[39m]: Servidor en el puerto 8080
2025-04-29 12:51:21 [[32minfo[39m]: Mongo DB Conectado
2025-04-29 12:51:21 [[32minfo[39m]: Servidor en el puerto 8080
2025-04-29 12:51:28 [[32minfo[39m]: Mongo DB Conectado
2025-04-29 12:51:28 [[32minfo[39m]: Servidor en el puerto 8080
2025-04-29 12:51:43 [[32minfo[39m]: Mongo DB Conectado
2025-04-29 12:51:43 [[32minfo[39m]: Servidor en el puerto 8080
2025-04-29 12:51:52 [[32minfo[39m]: Mongo DB Conectado
2025-04-29 12:51:52 [[32minfo[39m]: Servidor en el puerto 8080
2025-04-29 12:51:55 [[32minfo[39m]: Mongo DB Conectado
2025-04-29 12:51:55 [[32minfo[39m]: Servidor en el puerto 8080
2025-04-29 12:51:59 [[32minfo[39m]: Mongo DB Conectado
2025-04-29 12:51:59 [[32minfo[39m]: Servidor en el puerto 8080
2025-04-29 12:52:03 [[32minfo[39m]: Mongo DB Conectado
2025-04-29 12:52:03 [[32minfo[39m]: Servidor en el puerto 8080
2025-04-29 12:52:06 [[32minfo[39m]: Mongo DB Conectado
2025-04-29 12:52:06 [[32minfo[39m]: Servidor en el puerto 8080
2025-04-29 12:52:11 [[32minfo[39m]: Mongo DB Conectado
2025-04-29 12:52:11 [[32minfo[39m]: Servidor en el puerto 8080
2025-04-29 12:52:12 [[32minfo[39m]: Mongo DB Conectado
2025-04-29 12:52:12 [[32minfo[39m]: Servidor en el puerto 8080
2025-04-29 12:52:21 [[32minfo[39m]: Mongo DB Conectado
2025-04-29 12:52:21 [[32minfo[39m]: Servidor en el puerto 8080
2025-04-29 12:52:37 [[32minfo[39m]: Mongo DB Conectado
2025-04-29 12:52:37 [[32minfo[39m]: Servidor en el puerto 8080
2025-04-29 12:52:47 [[32minfo[39m]: Mongo DB Conectado
2025-04-29 12:52:47 [[32minfo[39m]: Servidor en el puerto 8080
2025-04-29 12:52:56 [[32minfo[39m]: Mongo DB Conectado
2025-04-29 12:52:56 [[32minfo[39m]: Servidor en el puerto 8080
2025-04-29 12:52:57 [[32minfo[39m]: Mongo DB Conectado
2025-04-29 12:52:57 [[32minfo[39m]: Servidor en el puerto 8080
2025-04-29 12:53:20 [[32minfo[39m]: Mongo DB Conectado
2025-04-29 12:53:20 [[32minfo[39m]: Servidor en el puerto 8080
2025-04-29 12:53:25 [[32minfo[39m]: Mongo DB Conectado
2025-04-29 12:53:25 [[32minfo[39m]: Servidor en el puerto 8080
2025-04-29 12:53:27 [[32minfo[39m]: Mongo DB Conectado
2025-04-29 12:53:27 [[32minfo[39m]: Servidor en el puerto 8080
2025-04-29 12:53:56 [[32minfo[39m]: Mongo DB Conectado
2025-04-29 12:53:56 [[32minfo[39m]: Servidor en el puerto 8080
2025-04-29 12:54:02 [[32minfo[39m]: Mongo DB Conectado
2025-04-29 12:54:02 [[32minfo[39m]: Servidor en el puerto 8080
2025-04-29 12:54:13 [[32minfo[39m]: Mongo DB Conectado
2025-04-29 12:54:13 [[32minfo[39m]: Servidor en el puerto 8080
2025-04-29 12:54:20 [[32minfo[39m]: Mongo DB Conectado
2025-04-29 12:54:20 [[32minfo[39m]: Servidor en el puerto 8080
2025-04-29 12:54:32 [[32minfo[39m]: Mongo DB Conectado
2025-04-29 12:54:32 [[32minfo[39m]: Servidor en el puerto 8080
2025-04-29 12:54:39 [[32minfo[39m]: Mongo DB Conectado
2025-04-29 12:54:39 [[32minfo[39m]: Servidor en el puerto 8080
2025-04-29 12:54:42 [[32minfo[39m]: Mongo DB Conectado
2025-04-29 12:54:42 [[32minfo[39m]: Servidor en el puerto 8080
2025-04-29 12:54:53 [[32minfo[39m]: Mongo DB Conectado
2025-04-29 12:54:53 [[32minfo[39m]: Servidor en el puerto 8080
2025-04-29 12:54:55 [[32minfo[39m]: Mongo DB Conectado
2025-04-29 12:54:55 [[32minfo[39m]: Servidor en el puerto 8080
2025-04-29 12:55:34 [[32minfo[39m]: Mongo DB Conectado
2025-04-29 12:55:34 [[32minfo[39m]: Servidor en el puerto 8080
2025-04-29 13:02:09 [[34mdebug[39m]: Iniciando login en el servicio
2025-04-29 13:02:09 [[34mdebug[39m]: Token: eyJhbGciOiJIUzI1NiIsInR5cCI6IkpXVCJ9.eyJpZCI6IjY4MTEzMDQxNzViOWNjY2ZiODZlNDExYiIsImVtYWlsIjoianBAZ21haWwuY29tIiwiaWF0IjoxNzQ1OTU2OTI5LCJleHAiOjE3NDU5NTg3Mjl9.7MZx_EEYPob_1VgtLIHfoFaafbSZ0BTXtnn4bpDQ8Rs
2025-04-29 13:04:10 [[34mdebug[39m]: Iniciando login en el servicio
2025-04-29 13:04:10 [[34mdebug[39m]: Token: eyJhbGciOiJIUzI1NiIsInR5cCI6IkpXVCJ9.eyJpZCI6IjY4MTEzMGI5NzViOWNjY2ZiODZlNDEzZiIsImVtYWlsIjoianBAZ21haWwuY29tIiwiaWF0IjoxNzQ1OTU3MDUwLCJleHAiOjE3NDU5NTg4NTB9.JqoVUJg7bZjTE29e2Uc1GvpZFtwxEiQ8S1ctqyhHWRI
2025-04-29 13:06:41 [[34mdebug[39m]: Iniciando login en el servicio
2025-04-29 13:06:42 [[34mdebug[39m]: Token: eyJhbGciOiJIUzI1NiIsInR5cCI6IkpXVCJ9.eyJpZCI6IjY4MTEzMTUxNzViOWNjY2ZiODZlNDE2NCIsImVtYWlsIjoianBAZ21haWwuY29tIiwiaWF0IjoxNzQ1OTU3MjAyLCJleHAiOjE3NDU5NTkwMDJ9.5laCD7KWdJjPZ5S360Jrrirym1benW0E4PGkw5EIqoM
2025-04-29 13:08:10 [[34mdebug[39m]: Iniciando login en el servicio
2025-04-29 13:08:10 [[34mdebug[39m]: Token: eyJhbGciOiJIUzI1NiIsInR5cCI6IkpXVCJ9.eyJpZCI6IjY4MTEzMWFhNzViOWNjY2ZiODZlNDE4OCIsImVtYWlsIjoianBAZ21haWwuY29tIiwiaWF0IjoxNzQ1OTU3MjkwLCJleHAiOjE3NDU5NTkwOTB9.lGSNPMY2jjzFGPtjl1a_47nKYQJK6rtwu3i-1nXgjRs
2025-04-29 13:11:36 [[32minfo[39m]: Mongo DB Conectado
2025-04-29 13:11:36 [[32minfo[39m]: Servidor en el puerto 8080
2025-04-29 13:11:55 [[34mdebug[39m]: Iniciando login en el servicio
2025-04-29 13:11:55 [[34mdebug[39m]: Token: eyJhbGciOiJIUzI1NiIsInR5cCI6IkpXVCJ9.eyJpZCI6IjY4MTEzMjhiMDc0ZmUyYmU1ODIwYmI1NiIsImVtYWlsIjoianBAZ21haWwuY29tIiwiaWF0IjoxNzQ1OTU3NTE1LCJleHAiOjE3NDU5NTkzMTV9.nyjvcJ5wcHrLSp2LyAEvrNCmevzO1Nzb98cg0aTJpkk
2025-04-29 13:12:41 [[34mdebug[39m]: Iniciando login en el servicio
2025-04-29 13:12:41 [[34mdebug[39m]: Token: eyJhbGciOiJIUzI1NiIsInR5cCI6IkpXVCJ9.eyJpZCI6IjY4MTEzMmI5MDc0ZmUyYmU1ODIwYmI3YSIsImVtYWlsIjoianBAZ21haWwuY29tIiwiaWF0IjoxNzQ1OTU3NTYxLCJleHAiOjE3NDU5NTkzNjF9.gve_X65V78p6A9DsxscywfbsxRzKGbMbDIorRbER_ZY
2025-04-29 13:14:07 [[34mdebug[39m]: Iniciando login en el servicio
2025-04-29 13:14:07 [[34mdebug[39m]: Token: eyJhbGciOiJIUzI1NiIsInR5cCI6IkpXVCJ9.eyJpZCI6IjY4MTEzMzBmMDc0ZmUyYmU1ODIwYmI5ZiIsImVtYWlsIjoianBAZ21haWwuY29tIiwiaWF0IjoxNzQ1OTU3NjQ3LCJleHAiOjE3NDU5NTk0NDd9.0uQFdlJkR8RIA4jzXSxkgUK2mExi1XQYGKmtRVGLZSg
2025-04-29 13:17:34 [[32minfo[39m]: Mongo DB Conectado
2025-04-29 13:17:34 [[32minfo[39m]: Servidor en el puerto 8080
2025-04-29 13:17:50 [[32minfo[39m]: Mongo DB Conectado
2025-04-29 13:17:50 [[32minfo[39m]: Servidor en el puerto 8080
2025-04-29 13:18:16 [[32minfo[39m]: Mongo DB Conectado
2025-04-29 13:18:16 [[32minfo[39m]: Servidor en el puerto 8080
2025-04-29 13:18:19 [[32minfo[39m]: Mongo DB Conectado
2025-04-29 13:18:19 [[32minfo[39m]: Servidor en el puerto 8080
2025-04-29 13:18:23 [[32minfo[39m]: Mongo DB Conectado
2025-04-29 13:18:23 [[32minfo[39m]: Servidor en el puerto 8080
2025-04-29 13:18:25 [[32minfo[39m]: Mongo DB Conectado
2025-04-29 13:18:25 [[32minfo[39m]: Servidor en el puerto 8080
2025-04-29 13:18:40 [[32minfo[39m]: Mongo DB Conectado
2025-04-29 13:18:40 [[32minfo[39m]: Servidor en el puerto 8080
2025-04-29 13:21:16 [[32minfo[39m]: Mongo DB Conectado
2025-04-29 13:21:16 [[32minfo[39m]: Servidor en el puerto 8080
2025-04-29 13:21:25 [[32minfo[39m]: Mongo DB Conectado
2025-04-29 13:21:25 [[32minfo[39m]: Servidor en el puerto 8080
2025-04-29 13:21:56 [[32minfo[39m]: Mongo DB Conectado
2025-04-29 13:21:56 [[32minfo[39m]: Servidor en el puerto 8080
2025-04-29 13:22:06 [[32minfo[39m]: Mongo DB Conectado
2025-04-29 13:22:06 [[32minfo[39m]: Servidor en el puerto 8080
2025-04-29 13:29:17 [[32minfo[39m]: Mongo DB Conectado
2025-04-29 13:29:17 [[32minfo[39m]: Servidor en el puerto 8080
2025-04-30 08:04:29 [[32minfo[39m]: Mongo DB Conectado
2025-04-30 08:04:29 [[32minfo[39m]: Servidor en el puerto 8080
2025-04-30 08:04:48 [[34mdebug[39m]: Iniciando login en el servicio
2025-04-30 08:04:48 [[34mdebug[39m]: Token: eyJhbGciOiJIUzI1NiIsInR5cCI6IkpXVCJ9.eyJpZCI6IjY4MTIzYzEwYmY3ODI0YWM4ZDAwODFhMSIsImVtYWlsIjoianBAZ21haWwuY29tIiwiaWF0IjoxNzQ2MDI1NDg4LCJleHAiOjE3NDYwMjcyODh9.ckbBn6BzAGQMuEzZTKGvszZH9_vQl-eyqDvBtjuD3rQ
2025-04-30 15:11:13 [[32minfo[39m]: Mongo DB Conectado
2025-04-30 15:11:13 [[32minfo[39m]: Servidor en el puerto 8080
2025-04-30 09:25:16 [[32minfo[39m]: Mongo DB Conectado
2025-04-30 09:25:16 [[32minfo[39m]: Servidor en el puerto 8080
2025-04-30 09:25:17 [[32minfo[39m]: Mongo DB Conectado
2025-04-30 09:25:17 [[32minfo[39m]: Servidor en el puerto 8080
2025-04-30 09:27:03 [[32minfo[39m]: Mongo DB Conectado
2025-04-30 09:27:03 [[32minfo[39m]: Servidor en el puerto 8080
2025-04-30 09:27:27 [[32minfo[39m]: Mongo DB Conectado
2025-04-30 09:27:27 [[32minfo[39m]: Servidor en el puerto 8080
2025-04-30 09:27:28 [[32minfo[39m]: Mongo DB Conectado
2025-04-30 09:27:28 [[32minfo[39m]: Servidor en el puerto 8080
2025-04-30 09:27:52 [[32minfo[39m]: Mongo DB Conectado
2025-04-30 09:27:52 [[32minfo[39m]: Servidor en el puerto 8080
2025-04-30 09:27:56 [[32minfo[39m]: Mongo DB Conectado
2025-04-30 09:27:56 [[32minfo[39m]: Servidor en el puerto 8080
2025-04-30 09:28:02 [[32minfo[39m]: Mongo DB Conectado
2025-04-30 09:28:02 [[32minfo[39m]: Servidor en el puerto 8080
2025-04-30 09:28:05 [[32minfo[39m]: Mongo DB Conectado
2025-04-30 09:28:05 [[32minfo[39m]: Servidor en el puerto 8080
2025-04-30 09:28:07 [[32minfo[39m]: Mongo DB Conectado
2025-04-30 09:28:07 [[32minfo[39m]: Servidor en el puerto 8080
2025-04-30 09:28:13 [[32minfo[39m]: Mongo DB Conectado
2025-04-30 09:28:13 [[32minfo[39m]: Servidor en el puerto 8080
2025-04-30 09:28:15 [[32minfo[39m]: Mongo DB Conectado
2025-04-30 09:28:15 [[32minfo[39m]: Servidor en el puerto 8080
2025-04-30 09:28:19 [[32minfo[39m]: Mongo DB Conectado
2025-04-30 09:28:19 [[32minfo[39m]: Servidor en el puerto 8080
2025-04-30 09:28:25 [[32minfo[39m]: Mongo DB Conectado
2025-04-30 09:28:25 [[32minfo[39m]: Servidor en el puerto 8080
2025-04-30 09:28:28 [[32minfo[39m]: Mongo DB Conectado
2025-04-30 09:28:28 [[32minfo[39m]: Servidor en el puerto 8080
2025-04-30 09:28:34 [[32minfo[39m]: Mongo DB Conectado
2025-04-30 09:28:34 [[32minfo[39m]: Servidor en el puerto 8080
2025-04-30 09:28:42 [[32minfo[39m]: Mongo DB Conectado
2025-04-30 09:28:42 [[32minfo[39m]: Servidor en el puerto 8080
2025-04-30 09:28:49 [[32minfo[39m]: Mongo DB Conectado
2025-04-30 09:28:49 [[32minfo[39m]: Servidor en el puerto 8080
2025-04-30 09:28:51 [[32minfo[39m]: Mongo DB Conectado
2025-04-30 09:28:51 [[32minfo[39m]: Servidor en el puerto 8080
2025-04-30 09:29:08 [[32minfo[39m]: Mongo DB Conectado
2025-04-30 09:29:08 [[32minfo[39m]: Servidor en el puerto 8080
2025-04-30 09:29:13 [[32minfo[39m]: Mongo DB Conectado
2025-04-30 09:29:13 [[32minfo[39m]: Servidor en el puerto 8080
2025-04-30 09:29:22 [[32minfo[39m]: Mongo DB Conectado
2025-04-30 09:29:22 [[32minfo[39m]: Servidor en el puerto 8080
2025-04-30 09:29:46 [[32minfo[39m]: Mongo DB Conectado
2025-04-30 09:29:46 [[32minfo[39m]: Servidor en el puerto 8080
2025-04-30 09:29:49 [[32minfo[39m]: Mongo DB Conectado
2025-04-30 09:29:49 [[32minfo[39m]: Servidor en el puerto 8080
2025-04-30 09:29:53 [[32minfo[39m]: Mongo DB Conectado
2025-04-30 09:29:53 [[32minfo[39m]: Servidor en el puerto 8080
2025-04-30 09:35:20 [[32minfo[39m]: Mongo DB Conectado
2025-04-30 09:35:20 [[32minfo[39m]: Servidor en el puerto 8080
2025-04-30 09:35:24 [[32minfo[39m]: Mongo DB Conectado
2025-04-30 09:35:24 [[32minfo[39m]: Servidor en el puerto 8080
2025-04-30 09:35:32 [[32minfo[39m]: Mongo DB Conectado
2025-04-30 09:35:32 [[32minfo[39m]: Servidor en el puerto 8080
2025-04-30 09:35:33 [[32minfo[39m]: Mongo DB Conectado
2025-04-30 09:35:33 [[32minfo[39m]: Servidor en el puerto 8080
2025-04-30 09:35:49 [[32minfo[39m]: Mongo DB Conectado
2025-04-30 09:35:49 [[32minfo[39m]: Servidor en el puerto 8080
2025-04-30 09:36:32 [[32minfo[39m]: Mongo DB Conectado
2025-04-30 09:36:32 [[32minfo[39m]: Servidor en el puerto 8080
2025-04-30 09:37:30 [[32minfo[39m]: Mongo DB Conectado
2025-04-30 09:37:30 [[32minfo[39m]: Servidor en el puerto 8080
2025-04-30 09:38:06 [[32minfo[39m]: Mongo DB Conectado
2025-04-30 09:38:06 [[32minfo[39m]: Servidor en el puerto 8080
2025-04-30 09:38:08 [[32minfo[39m]: Mongo DB Conectado
2025-04-30 09:38:08 [[32minfo[39m]: Servidor en el puerto 8080
2025-04-30 09:38:14 [[32minfo[39m]: Mongo DB Conectado
2025-04-30 09:38:14 [[32minfo[39m]: Servidor en el puerto 8080
2025-04-30 09:38:21 [[32minfo[39m]: Mongo DB Conectado
2025-04-30 09:38:21 [[32minfo[39m]: Servidor en el puerto 8080
2025-04-30 09:43:11 [[32minfo[39m]: Mongo DB Conectado
2025-04-30 09:43:11 [[32minfo[39m]: Servidor en el puerto 8080
2025-04-30 09:43:17 [[32minfo[39m]: Mongo DB Conectado
2025-04-30 09:43:17 [[32minfo[39m]: Servidor en el puerto 8080
2025-04-30 09:43:20 [[32minfo[39m]: Mongo DB Conectado
2025-04-30 09:43:20 [[32minfo[39m]: Servidor en el puerto 8080
2025-04-30 09:43:39 [[32minfo[39m]: Mongo DB Conectado
2025-04-30 09:43:39 [[32minfo[39m]: Servidor en el puerto 8080
2025-04-30 09:43:52 [[32minfo[39m]: Mongo DB Conectado
2025-04-30 09:43:52 [[32minfo[39m]: Servidor en el puerto 8080
2025-04-30 09:44:10 [[32minfo[39m]: Mongo DB Conectado
2025-04-30 09:44:10 [[32minfo[39m]: Servidor en el puerto 8080
2025-04-30 09:44:15 [[32minfo[39m]: Mongo DB Conectado
2025-04-30 09:44:15 [[32minfo[39m]: Servidor en el puerto 8080
2025-04-30 09:44:17 [[32minfo[39m]: Mongo DB Conectado
2025-04-30 09:44:17 [[32minfo[39m]: Servidor en el puerto 8080
2025-04-30 09:44:20 [[32minfo[39m]: Mongo DB Conectado
2025-04-30 09:44:20 [[32minfo[39m]: Servidor en el puerto 8080
2025-04-30 09:44:24 [[32minfo[39m]: Mongo DB Conectado
2025-04-30 09:44:24 [[32minfo[39m]: Servidor en el puerto 8080
2025-04-30 09:44:25 [[32minfo[39m]: Mongo DB Conectado
2025-04-30 09:44:25 [[32minfo[39m]: Servidor en el puerto 8080
2025-04-30 09:44:31 [[32minfo[39m]: Mongo DB Conectado
2025-04-30 09:44:31 [[32minfo[39m]: Servidor en el puerto 8080
2025-04-30 09:44:34 [[32minfo[39m]: Mongo DB Conectado
2025-04-30 09:44:34 [[32minfo[39m]: Servidor en el puerto 8080
2025-04-30 10:03:54 [[32minfo[39m]: Mongo DB Conectado
2025-04-30 10:03:54 [[32minfo[39m]: Servidor en el puerto 8080
2025-04-30 10:20:06 [[32minfo[39m]: Mongo DB Conectado
2025-04-30 10:20:06 [[32minfo[39m]: Servidor en el puerto 8080
2025-04-30 10:20:09 [[32minfo[39m]: Mongo DB Conectado
2025-04-30 10:20:09 [[32minfo[39m]: Servidor en el puerto 8080
2025-04-30 10:23:45 [[32minfo[39m]: Mongo DB Conectado
2025-04-30 10:23:45 [[32minfo[39m]: Servidor en el puerto 8080
