2025-04-28 21:54:53 [[31merror[39m]: Status: 500 [PUT] /api/users/67eb48f42566028749e92f2f - msg: Plan executor error during findAndModify :: caused by :: E11000 duplicate key error collection: petscoder.users index: email_1 dup key: { email: "rq@example.com" }
2025-04-28 21:54:53 [[31merror[39m]: {
  "statusCode": 500,
  "files": [
    "MongoServerError: Plan executor error during findAndModify :: caused by :: E11000 duplicate key error collection: petscoder.users index: email_1 dup key: { email: \"rq@example.com\" }",
    "    at Connection.sendCommand (C:\\Users\\danta\\testing_y_escalabilidad_proyecto\\backend-70360\\clase-14\\node_modules\\mongodb\\lib\\cmap\\connection.js:299:27)",
    "    at process.processTicksAndRejections (node:internal/process/task_queues:105:5)",
    "    at async Connection.command (C:\\Users\\danta\\testing_y_escalabilidad_proyecto\\backend-70360\\clase-14\\node_modules\\mongodb\\lib\\cmap\\connection.js:327:26)",
    "    at async Server.command (C:\\Users\\danta\\testing_y_escalabilidad_proyecto\\backend-70360\\clase-14\\node_modules\\mongodb\\lib\\sdam\\server.js:168:29)",
    "    at async FindOneAndUpdateOperation.executeCommand (C:\\Users\\danta\\testing_y_escalabilidad_proyecto\\backend-70360\\clase-14\\node_modules\\mongodb\\lib\\operations\\command.js:76:16)",
    "    at async FindOneAndUpdateOperation.execute (C:\\Users\\danta\\testing_y_escalabilidad_proyecto\\backend-70360\\clase-14\\node_modules\\mongodb\\lib\\operations\\find_and_modify.js:85:24)",
    "    at async tryOperation (C:\\Users\\danta\\testing_y_escalabilidad_proyecto\\backend-70360\\clase-14\\node_modules\\mongodb\\lib\\operations\\execute_operation.js:207:20)",
    "    at async executeOperation (C:\\Users\\danta\\testing_y_escalabilidad_proyecto\\backend-70360\\clase-14\\node_modules\\mongodb\\lib\\operations\\execute_operation.js:75:16)",
    "    at async Collection.findOneAndUpdate (C:\\Users\\danta\\testing_y_escalabilidad_proyecto\\backend-70360\\clase-14\\node_modules\\mongodb\\lib\\collection.js:500:16)",
    "    at async model.Query._findOneAndUpdate (C:\\Users\\danta\\testing_y_escalabilidad_proyecto\\backend-70360\\clase-14\\node_modules\\mongoose\\lib\\query.js:3475:13)"
  ],
  "message": "Plan executor error during findAndModify :: caused by :: E11000 duplicate key error collection: petscoder.users index: email_1 dup key: { email: \"rq@example.com\" }",
  "path": "/api/users/67eb48f42566028749e92f2f",
  "method": "PUT"
}
2025-04-29 08:31:34 [[31merror[39m]: Status: 500 [POST] /api/pets - msg: pets validation failed: birthDate: Cast to date failed for value "10-12-2020T07:00:00.000Z" (type string) at path "birthDate"
2025-04-29 08:31:34 [[31merror[39m]: {
  "statusCode": 500,
  "files": [
    "ValidationError: pets validation failed: birthDate: Cast to date failed for value \"10-12-2020T07:00:00.000Z\" (type string) at path \"birthDate\"",
    "    at Document.invalidate (C:\\Users\\danta\\testing_y_escalabilidad_proyecto\\backend-70360\\clase-14\\node_modules\\mongoose\\lib\\document.js:3351:32)",
    "    at model.$set (C:\\Users\\danta\\testing_y_escalabilidad_proyecto\\backend-70360\\clase-14\\node_modules\\mongoose\\lib\\document.js:1480:12)",
    "    at model.$set (C:\\Users\\danta\\testing_y_escalabilidad_proyecto\\backend-70360\\clase-14\\node_modules\\mongoose\\lib\\document.js:1132:16)",
    "    at model.Document (C:\\Users\\danta\\testing_y_escalabilidad_proyecto\\backend-70360\\clase-14\\node_modules\\mongoose\\lib\\document.js:178:12)",
    "    at model.Model (C:\\Users\\danta\\testing_y_escalabilidad_proyecto\\backend-70360\\clase-14\\node_modules\\mongoose\\lib\\model.js:128:12)",
    "    at new model (C:\\Users\\danta\\testing_y_escalabilidad_proyecto\\backend-70360\\clase-14\\node_modules\\mongoose\\lib\\model.js:4800:15)",
    "    at C:\\Users\\danta\\testing_y_escalabilidad_proyecto\\backend-70360\\clase-14\\node_modules\\mongoose\\lib\\model.js:2759:20",
    "    at Array.map (<anonymous>)",
    "    at Function.create (C:\\Users\\danta\\testing_y_escalabilidad_proyecto\\backend-70360\\clase-14\\node_modules\\mongoose\\lib\\model.js:2747:34)",
    "    at PetDao.create (file:///C:/Users/danta/testing_y_escalabilidad_proyecto/backend-70360/clase-14/src/modules/pets/pet.dao.js:6:27)"
  ],
  "message": "pets validation failed: birthDate: Cast to date failed for value \"10-12-2020T07:00:00.000Z\" (type string) at path \"birthDate\"",
  "path": "/api/pets",
  "method": "POST"
}
